2026-02-16 11:54:10.136643 | SIGNAL: bitcoin-up-or-down-february-16-1pm-et | Side: down | Shares: 351.9592
2026-02-16 11:54:10.137124 | SIGNAL: bitcoin-up-or-down-february-16-12pm-et | Side: up | Shares: 87.34
2026-02-16 11:54:10.137492 | SIGNAL: btc-updown-15m-1768087800 | Side: up | Shares: 499.981919
2026-02-16 11:54:10.138209 | SIGNAL: eth-updown-15m-1770298200 | Side: down | Shares: 570.444209
2026-02-16 11:54:10.138495 | SIGNAL: btc-updown-15m-1768397400 | Side: up | Shares: 493.8297
2026-02-16 11:54:10.138788 | SIGNAL: btc-updown-15m-1767818700 | Side: down | Shares: 249.990766
2026-02-16 11:54:10.139590 | SIGNAL: btc-updown-15m-1769566500 | Side: down | Shares: 120.485685
2026-02-16 11:54:10.140053 | SIGNAL: eth-updown-15m-1767904200 | Side: down | Shares: 399.991723
2026-02-16 11:54:10.140487 | SIGNAL: sol-updown-15m-1769694300 | Side: down | Shares: 26.545453
2026-02-16 11:54:10.140813 | SIGNAL: btc-updown-15m-1769123700 | Side: down | Shares: 296.801469
2026-02-16 11:54:10.141126 | SIGNAL: eth-updown-15m-1768228200 | Side: down | Shares: 214.419225
2026-02-16 11:54:10.141397 | SIGNAL: eth-updown-15m-1769184900 | Side: up | Shares: 257.555022
2026-02-16 11:54:10.141851 | SIGNAL: btc-updown-15m-1769132700 | Side: down | Shares: 7773.510201
2026-02-16 11:54:10.142534 | SIGNAL: sol-updown-15m-1768537800 | Side: up | Shares: 3.35
2026-02-16 11:54:10.143006 | SIGNAL: eth-updown-15m-1768104000 | Side: up | Shares: 826.451033
2026-02-16 11:54:10.143299 | SIGNAL: sol-updown-15m-1769999400 | Side: up | Shares: 367.144674
2026-02-16 11:54:10.143579 | SIGNAL: btc-updown-15m-1768175100 | Side: down | Shares: 236.872337
2026-02-16 11:54:10.143923 | SIGNAL: btc-updown-15m-1770888600 | Side: down | Shares: 1213.394252
2026-02-16 11:54:10.144331 | SIGNAL: eth-updown-15m-1768572000 | Side: up | Shares: 5.0
2026-02-16 11:54:10.144816 | SIGNAL: eth-updown-15m-1770400800 | Side: up | Shares: 249.421943
2026-02-16 11:54:10.145337 | SIGNAL: eth-updown-15m-1770456600 | Side: up | Shares: 3.1
2026-02-16 11:54:10.145811 | SIGNAL: btc-updown-15m-1768022100 | Side: down | Shares: 999.979241
2026-02-16 11:54:10.146876 | SIGNAL: btc-updown-15m-1768549500 | Side: down | Shares: 77.145713
2026-02-16 11:54:10.147495 | SIGNAL: btc-updown-15m-1767559500 | Side: down | Shares: 751.590815
2026-02-16 11:54:10.148206 | SIGNAL: btc-updown-15m-1770787800 | Side: up | Shares: 167.203329
2026-02-16 11:54:10.149558 | SIGNAL: btc-updown-5m-1771094100 | Side: down | Shares: 50.0
2026-02-16 11:54:10.150094 | SIGNAL: btc-updown-15m-1769539500 | Side: down | Shares: 769.287357
2026-02-16 11:54:10.150564 | SIGNAL: btc-updown-5m-1771195500 | Side: up | Shares: 149.65
2026-02-16 11:54:10.151105 | SIGNAL: btc-updown-15m-1770678900 | Side: up | Shares: 747.696853
2026-02-16 11:54:10.151646 | SIGNAL: eth-updown-15m-1770301800 | Side: down | Shares: 2.0
2026-02-16 11:54:10.152615 | SIGNAL: btc-updown-5m-1771254300 | Side: up | Shares: 325.798168
2026-02-16 11:54:10.153061 | SIGNAL: eth-updown-15m-1771002000 | Side: up | Shares: 367.7819
2026-02-16 11:54:10.153547 | SIGNAL: sol-updown-15m-1768647600 | Side: up | Shares: 58.9568
2026-02-16 11:54:10.153977 | SIGNAL: btc-updown-15m-1768248900 | Side: up | Shares: 2435.037921
2026-02-16 11:54:10.154527 | SIGNAL: btc-updown-15m-1770083100 | Side: down | Shares: 500.0
2026-02-16 11:54:10.155069 | SIGNAL: btc-updown-15m-1767576600 | Side: down | Shares: 573.82
2026-02-16 11:54:10.155584 | SIGNAL: btc-updown-15m-1769525100 | Side: down | Shares: 565.421743
2026-02-16 11:54:10.156004 | SIGNAL: xrp-updown-15m-1768082400 | Side: down | Shares: 50.0
2026-02-16 11:54:10.156430 | SIGNAL: eth-updown-15m-1770171300 | Side: up | Shares: 411.175706
2026-02-16 11:54:10.156885 | SIGNAL: eth-updown-15m-1768917600 | Side: down | Shares: 110.675407
2026-02-16 11:54:10.157302 | SIGNAL: btc-updown-15m-1770952500 | Side: down | Shares: 7.660783
2026-02-16 11:54:10.157720 | SIGNAL: eth-updown-15m-1768038300 | Side: down | Shares: 100.6988
2026-02-16 11:54:10.158230 | SIGNAL: eth-updown-15m-1770057900 | Side: up | Shares: 749.46
2026-02-16 11:54:10.158685 | SIGNAL: btc-updown-5m-1770922200 | Side: up | Shares: 375.0
2026-02-16 11:54:10.158978 | SIGNAL: btc-updown-15m-1768155300 | Side: down | Shares: 500.0
2026-02-16 11:54:10.159393 | SIGNAL: btc-updown-5m-1770981000 | Side: up | Shares: 73.83
2026-02-16 11:54:10.160150 | SIGNAL: sol-updown-15m-1769006700 | Side: down | Shares: 125.0
2026-02-16 11:54:10.160800 | SIGNAL: eth-updown-15m-1770545700 | Side: up | Shares: 291.992829
2026-02-16 11:54:10.161475 | SIGNAL: btc-updown-15m-1770230700 | Side: up | Shares: 1632.937786
2026-02-16 11:54:10.161997 | SIGNAL: sol-updown-15m-1768882500 | Side: up | Shares: 8.48
2026-02-16 11:54:10.162398 | SIGNAL: eth-updown-15m-1770147000 | Side: down | Shares: 345.296665
2026-02-16 11:54:10.162805 | SIGNAL: btc-updown-15m-1768765500 | Side: up | Shares: 182.81818
2026-02-16 11:54:10.163562 | SIGNAL: eth-updown-15m-1770377400 | Side: up | Shares: 64.0
2026-02-16 11:54:10.164021 | SIGNAL: btc-updown-15m-1767984300 | Side: down | Shares: 249.990768
2026-02-16 11:54:10.164411 | SIGNAL: eth-updown-15m-1767739500 | Side: down | Shares: 1659.631497
2026-02-16 11:54:10.164742 | SIGNAL: btc-updown-5m-1771147800 | Side: up | Shares: 137.877763
2026-02-16 11:54:10.165194 | SIGNAL: btc-updown-15m-1771044300 | Side: up | Shares: 100.0
2026-02-16 11:54:10.165850 | SIGNAL: sol-updown-15m-1769491800 | Side: down | Shares: 117.017541
2026-02-16 11:54:10.166468 | SIGNAL: ethereum-up-or-down-february-8-9am-et | Side: down | Shares: 49.144899
2026-02-16 11:54:10.166766 | SIGNAL: sol-updown-15m-1769652000 | Side: down | Shares: 21.192981
2026-02-16 11:54:10.167048 | SIGNAL: sol-updown-15m-1768657500 | Side: down | Shares: 169.09
2026-02-16 11:54:10.167307 | SIGNAL: btc-updown-15m-1768896900 | Side: down | Shares: 1179.197343
2026-02-16 11:54:10.167601 | SIGNAL: eth-updown-15m-1768016700 | Side: down | Shares: 100.0
2026-02-16 11:54:10.167854 | SIGNAL: eth-updown-15m-1768103100 | Side: down | Shares: 46.869564
2026-02-16 11:54:10.168483 | SIGNAL: btc-updown-15m-1770908400 | Side: up | Shares: 1388.96881
2026-02-16 11:54:10.169286 | SIGNAL: btc-updown-15m-1767540600 | Side: up | Shares: 123.786733
2026-02-16 11:54:10.169572 | SIGNAL: sol-updown-15m-1770404400 | Side: up | Shares: 125.0
2026-02-16 11:54:10.169930 | SIGNAL: btc-updown-15m-1769179500 | Side: down | Shares: 518.33
2026-02-16 11:54:10.170511 | SIGNAL: sol-updown-15m-1769989500 | Side: up | Shares: 94.471689
2026-02-16 11:54:10.170996 | SIGNAL: sol-updown-15m-1768636800 | Side: down | Shares: 59.333327
2026-02-16 11:54:10.171319 | SIGNAL: eth-updown-15m-1770324300 | Side: down | Shares: 563.196137
2026-02-16 11:54:10.171598 | SIGNAL: eth-updown-15m-1768973400 | Side: down | Shares: 65.8
2026-02-16 11:54:10.171887 | SIGNAL: eth-updown-15m-1769535000 | Side: up | Shares: 249.749182
2026-02-16 11:54:10.172369 | SIGNAL: btc-updown-5m-1770925200 | Side: down | Shares: 277.6169
2026-02-16 11:54:10.172739 | SIGNAL: btc-updown-15m-1771028100 | Side: down | Shares: 177.490783
2026-02-16 11:54:10.173130 | SIGNAL: eth-updown-15m-1769628600 | Side: up | Shares: 750.0
2026-02-16 11:54:10.173389 | SIGNAL: btc-updown-15m-1768142700 | Side: down | Shares: 519.116749
2026-02-16 11:54:10.173642 | SIGNAL: btc-updown-5m-1771211700 | Side: up | Shares: 210.295
2026-02-16 11:54:10.173996 | SIGNAL: eth-updown-15m-1769565600 | Side: up | Shares: 787.98692
2026-02-16 11:54:10.174277 | SIGNAL: sol-updown-15m-1769732100 | Side: up | Shares: 141.272856
2026-02-16 11:54:10.174750 | SIGNAL: eth-updown-15m-1767267900 | Side: down | Shares: 1099.430245
2026-02-16 11:54:10.175231 | SIGNAL: eth-updown-15m-1768093200 | Side: up | Shares: 45.71428
2026-02-16 11:54:10.175579 | SIGNAL: eth-updown-15m-1770525000 | Side: up | Shares: 50.0
2026-02-16 11:54:10.175878 | SIGNAL: btc-updown-15m-1768040100 | Side: down | Shares: 246.0969
2026-02-16 11:54:10.176194 | SIGNAL: btc-updown-15m-1769522400 | Side: down | Shares: 492.1875
2026-02-16 11:54:10.176465 | SIGNAL: btc-updown-5m-1771164600 | Side: up | Shares: 50.0
2026-02-16 11:54:10.176779 | SIGNAL: eth-updown-15m-1770187500 | Side: up | Shares: 250.0
2026-02-16 11:54:10.177110 | SIGNAL: sol-updown-15m-1768027500 | Side: up | Shares: 41.53846
2026-02-16 11:54:10.177435 | SIGNAL: btc-updown-15m-1768168800 | Side: up | Shares: 2404.104534
2026-02-16 11:54:10.177683 | SIGNAL: eth-updown-15m-1770295500 | Side: down | Shares: 607.355012
2026-02-16 11:54:10.178155 | SIGNAL: eth-updown-15m-1767518100 | Side: up | Shares: 255.0
2026-02-16 11:54:10.178696 | SIGNAL: eth-updown-15m-1767294900 | Side: down | Shares: 99.995093
2026-02-16 11:54:10.179193 | SIGNAL: sol-updown-15m-1769420700 | Side: up | Shares: 154.07818
2026-02-16 11:54:10.179561 | SIGNAL: eth-updown-15m-1770901200 | Side: down | Shares: 250.0
2026-02-16 11:54:10.179897 | SIGNAL: sol-updown-15m-1769023800 | Side: down | Shares: 130.0
2026-02-16 11:54:10.180192 | SIGNAL: bitcoin-up-or-down-february-9-8am-et | Side: up | Shares: 1243.313264
2026-02-16 11:54:10.180457 | SIGNAL: btc-updown-15m-1769547600 | Side: down | Shares: 1500.0
2026-02-16 11:54:10.180711 | SIGNAL: eth-updown-15m-1770517800 | Side: up | Shares: 50.0
2026-02-16 11:54:10.181016 | SIGNAL: eth-updown-15m-1770699600 | Side: up | Shares: 9.80392
2026-02-16 11:54:10.181379 | SIGNAL: ethereum-up-or-down-february-12-4am-et | Side: down | Shares: 49.71698
2026-02-16 11:54:10.182022 | SIGNAL: btc-updown-15m-1770460200 | Side: up | Shares: 696.074795
2026-02-16 11:54:10.182708 | SIGNAL: eth-updown-15m-1768958100 | Side: down | Shares: 249.993042
2026-02-16 11:54:10.183528 | SIGNAL: ethereum-up-or-down-february-10-12pm-et | Side: down | Shares: 250.0
2026-02-16 11:54:10.184206 | SIGNAL: btc-updown-5m-1771046700 | Side: up | Shares: 180.450946
2026-02-16 11:54:10.184634 | SIGNAL: btc-updown-15m-1769251500 | Side: down | Shares: 559.047302
2026-02-16 11:54:10.185005 | SIGNAL: eth-updown-15m-1770307200 | Side: up | Shares: 100.456035
2026-02-16 11:54:10.185269 | SIGNAL: btc-updown-5m-1770911100 | Side: down | Shares: 152.735848
2026-02-16 11:54:10.186056 | SIGNAL: sol-updown-15m-1768957200 | Side: down | Shares: 5.5
2026-02-16 11:54:10.186416 | SIGNAL: eth-updown-15m-1767547800 | Side: down | Shares: 300.0
2026-02-16 11:54:10.186962 | SIGNAL: eth-updown-15m-1770818400 | Side: down | Shares: 585.218797
2026-02-16 11:54:10.187556 | SIGNAL: eth-updown-15m-1770262200 | Side: down | Shares: 250.0
2026-02-16 11:54:10.187965 | SIGNAL: btc-updown-5m-1771246200 | Side: down | Shares: 150.0
2026-02-16 11:54:10.188316 | SIGNAL: bitcoin-up-or-down-february-11-2pm-et | Side: down | Shares: 499.7
2026-02-16 11:54:10.188690 | SIGNAL: sol-updown-15m-1769672700 | Side: up | Shares: 101.641846
2026-02-16 11:54:10.188990 | SIGNAL: sol-updown-15m-1770474600 | Side: up | Shares: 5.0
2026-02-16 11:54:10.189307 | SIGNAL: eth-updown-15m-1770047100 | Side: up | Shares: 1121.329989
2026-02-16 11:54:10.189623 | SIGNAL: ethereum-up-or-down-february-7-8pm-et | Side: down | Shares: 342.957646
2026-02-16 11:54:10.189922 | SIGNAL: eth-updown-15m-1769117400 | Side: up | Shares: 109.856
2026-02-16 11:54:10.190204 | SIGNAL: btc-updown-15m-1771181100 | Side: up | Shares: 114.03
2026-02-16 11:54:10.190574 | SIGNAL: btc-updown-15m-1768895100 | Side: up | Shares: 721.486525
2026-02-16 11:54:10.190953 | SIGNAL: eth-updown-15m-1768293900 | Side: down | Shares: 53.756665
2026-02-16 11:54:10.191473 | SIGNAL: sol-updown-15m-1768933800 | Side: up | Shares: 125.0
2026-02-16 11:54:10.192047 | SIGNAL: eth-updown-15m-1770146100 | Side: down | Shares: 27.216273
2026-02-16 11:54:10.192358 | SIGNAL: btc-updown-5m-1771068000 | Side: down | Shares: 397.912638
2026-02-16 11:54:10.192835 | SIGNAL: sol-updown-15m-1771251300 | Side: up | Shares: 5.0
2026-02-16 11:54:10.193419 | SIGNAL: eth-updown-15m-1770066900 | Side: up | Shares: 749.718118
2026-02-16 11:54:10.193878 | SIGNAL: eth-updown-15m-1768048200 | Side: down | Shares: 295.977573
2026-02-16 11:54:10.194358 | SIGNAL: btc-updown-15m-1771173000 | Side: up | Shares: 315.407842
2026-02-16 11:54:10.194838 | SIGNAL: eth-updown-15m-1768283100 | Side: up | Shares: 130.0
2026-02-16 11:54:10.195142 | SIGNAL: sol-updown-15m-1768106700 | Side: down | Shares: 42.849606
2026-02-16 11:54:10.195532 | SIGNAL: btc-updown-15m-1769203800 | Side: up | Shares: 590.510159
2026-02-16 11:54:10.195794 | SIGNAL: btc-updown-15m-1769483700 | Side: down | Shares: 500.0
2026-02-16 11:54:10.196244 | SIGNAL: btc-updown-15m-1770215400 | Side: up | Shares: 4489.081302
2026-02-16 11:54:10.196606 | SIGNAL: eth-updown-15m-1770031800 | Side: down | Shares: 61.35
2026-02-16 11:54:10.197040 | SIGNAL: btc-updown-5m-1771103100 | Side: down | Shares: 233.662036
2026-02-16 11:54:10.197333 | SIGNAL: btc-updown-5m-1771071300 | Side: up | Shares: 22.56
2026-02-16 11:54:10.197766 | SIGNAL: eth-updown-15m-1767600000 | Side: down | Shares: 1100.0
2026-02-16 11:54:10.198176 | SIGNAL: eth-updown-15m-1770908400 | Side: up | Shares: 12.75
2026-02-16 11:54:10.199133 | SIGNAL: sol-updown-15m-1769120100 | Side: up | Shares: 10.91
2026-02-16 11:54:10.200109 | SIGNAL: btc-updown-15m-1770633900 | Side: down | Shares: 499.29655
2026-02-16 11:54:10.200562 | SIGNAL: btc-updown-15m-1768071600 | Side: up | Shares: 38.61
2026-02-16 11:54:10.200913 | SIGNAL: sol-updown-15m-1768333500 | Side: down | Shares: 26.5
2026-02-16 11:54:10.201213 | SIGNAL: eth-updown-15m-1768009500 | Side: down | Shares: 100.0
2026-02-16 11:54:10.201468 | SIGNAL: eth-updown-15m-1767898800 | Side: down | Shares: 513.948517
2026-02-16 11:54:10.201744 | SIGNAL: btc-updown-15m-1768276800 | Side: down | Shares: 555.237916
2026-02-16 11:54:10.201999 | SIGNAL: btc-updown-15m-1767811500 | Side: up | Shares: 925.210786
2026-02-16 11:54:10.202694 | SIGNAL: btc-updown-15m-1767973500 | Side: up | Shares: 749.669431
2026-02-16 11:54:10.203161 | SIGNAL: btc-updown-15m-1770585300 | Side: up | Shares: 399.957711
2026-02-16 11:54:10.203498 | SIGNAL: btc-updown-15m-1767853800 | Side: down | Shares: 746.1436
2026-02-16 11:54:10.204004 | SIGNAL: btc-updown-15m-1769208300 | Side: down | Shares: 492.1875
2026-02-16 11:54:10.204253 | SIGNAL: btc-updown-15m-1770197400 | Side: up | Shares: 26.20833
2026-02-16 11:54:10.204583 | SIGNAL: eth-updown-15m-1771158600 | Side: up | Shares: 150.0
2026-02-16 11:54:10.204907 | SIGNAL: sol-updown-15m-1769765400 | Side: down | Shares: 412.091221
2026-02-16 11:54:10.205290 | SIGNAL: btc-updown-15m-1767885300 | Side: down | Shares: 960.367053
2026-02-16 11:54:10.205632 | SIGNAL: btc-updown-15m-1767546900 | Side: down | Shares: 1297.677344
2026-02-16 11:54:10.206028 | SIGNAL: btc-updown-15m-1767859200 | Side: down | Shares: 1749.994891
2026-02-16 11:54:10.206398 | SIGNAL: eth-updown-15m-1768233600 | Side: down | Shares: 5.0
2026-02-16 11:54:10.206713 | SIGNAL: sol-updown-15m-1769634900 | Side: down | Shares: 2.86
2026-02-16 11:54:10.207132 | SIGNAL: btc-updown-15m-1770720300 | Side: up | Shares: 519.676367
2026-02-16 11:54:10.207496 | SIGNAL: btc-updown-15m-1770602400 | Side: up | Shares: 13.68
2026-02-16 11:54:10.207839 | SIGNAL: btc-updown-15m-1768399200 | Side: down | Shares: 6285.905356
2026-02-16 11:54:10.208288 | SIGNAL: eth-updown-15m-1771245900 | Side: down | Shares: 14.04
2026-02-16 11:54:10.208772 | SIGNAL: btc-updown-15m-1770336000 | Side: up | Shares: 2647.528444
2026-02-16 11:54:10.209117 | SIGNAL: btc-updown-15m-1769149800 | Side: down | Shares: 3057.861894
2026-02-16 11:54:10.209620 | SIGNAL: btc-updown-5m-1770900300 | Side: down | Shares: 1125.0
2026-02-16 11:54:10.210256 | SIGNAL: eth-updown-15m-1770822900 | Side: down | Shares: 1.912279
2026-02-16 11:54:10.210619 | SIGNAL: eth-updown-15m-1769611500 | Side: up | Shares: 249.89
2026-02-16 11:54:10.211136 | SIGNAL: btc-updown-15m-1768377600 | Side: down | Shares: 1499.969984
2026-02-16 11:54:10.211657 | SIGNAL: btc-updown-5m-1770966000 | Side: down | Shares: 869.625101
2026-02-16 11:54:10.212135 | SIGNAL: eth-updown-15m-1767909600 | Side: down | Shares: 95.305
2026-02-16 11:54:10.212404 | SIGNAL: sol-updown-15m-1769024700 | Side: down | Shares: 34.34
2026-02-16 11:54:10.212659 | SIGNAL: eth-updown-15m-1768439700 | Side: up | Shares: 79.58
2026-02-16 11:54:10.212935 | SIGNAL: btc-updown-15m-1768554900 | Side: down | Shares: 1643.023089
2026-02-16 11:54:10.213280 | SIGNAL: btc-updown-15m-1770975900 | Side: down | Shares: 1500.0
2026-02-16 11:54:10.213629 | SIGNAL: sol-updown-15m-1769643900 | Side: down | Shares: 149.561396
2026-02-16 11:54:10.214065 | SIGNAL: eth-updown-15m-1770521400 | Side: up | Shares: 70.20408
2026-02-16 11:54:10.214338 | SIGNAL: eth-updown-15m-1770278400 | Side: down | Shares: 16.125
2026-02-16 11:54:10.214643 | SIGNAL: btc-updown-15m-1770947100 | Side: down | Shares: 85.921555
2026-02-16 11:54:10.215109 | SIGNAL: btc-updown-5m-1770936900 | Side: down | Shares: 556.728752
2026-02-16 11:54:10.216136 | SIGNAL: eth-updown-15m-1770274800 | Side: down | Shares: 84.166664
2026-02-16 11:54:10.216586 | SIGNAL: sol-updown-15m-1769514300 | Side: down | Shares: 281.260942
2026-02-16 11:54:10.217082 | SIGNAL: sol-updown-15m-1768292100 | Side: down | Shares: 16.0
2026-02-16 11:54:10.217805 | SIGNAL: eth-updown-15m-1768275000 | Side: up | Shares: 124.870625
2026-02-16 11:54:10.218100 | SIGNAL: btc-updown-5m-1771015500 | Side: up | Shares: 240.15
2026-02-16 11:54:10.218401 | SIGNAL: eth-updown-15m-1768230000 | Side: up | Shares: 386.0
2026-02-16 11:54:10.219218 | SIGNAL: btc-updown-5m-1771261800 | Side: up | Shares: 42.826121
2026-02-16 11:54:10.219499 | SIGNAL: eth-updown-15m-1769152500 | Side: down | Shares: 5.0
2026-02-16 11:54:10.219945 | SIGNAL: eth-updown-15m-1767946500 | Side: down | Shares: 714.907556
2026-02-16 11:54:10.220237 | SIGNAL: btc-updown-5m-1771102500 | Side: down | Shares: 185.446665
2026-02-16 11:54:10.220656 | SIGNAL: btc-updown-15m-1770812100 | Side: down | Shares: 572.042196
2026-02-16 11:54:10.221056 | SIGNAL: btc-updown-15m-1768893300 | Side: down | Shares: 716.643447
2026-02-16 11:54:10.221335 | SIGNAL: btc-updown-15m-1767474900 | Side: down | Shares: 1750.0
2026-02-16 11:54:10.221713 | SIGNAL: sol-updown-15m-1769759100 | Side: down | Shares: 125.0
2026-02-16 11:54:10.222481 | SIGNAL: eth-updown-15m-1768207500 | Side: down | Shares: 125.0
2026-02-16 11:54:10.222868 | SIGNAL: eth-updown-15m-1770961500 | Side: up | Shares: 729.53
2026-02-16 11:54:10.223318 | SIGNAL: btc-updown-15m-1769777100 | Side: down | Shares: 294.793841
2026-02-16 11:54:10.223836 | SIGNAL: eth-updown-15m-1768638600 | Side: up | Shares: 16.81818
2026-02-16 11:54:10.224273 | SIGNAL: eth-updown-15m-1769457600 | Side: up | Shares: 96.504372
2026-02-16 11:54:10.224751 | SIGNAL: eth-updown-15m-1771251300 | Side: up | Shares: 40.5
2026-02-16 11:54:10.225097 | SIGNAL: btc-updown-15m-1771051500 | Side: down | Shares: 233.682447
2026-02-16 11:54:10.225564 | SIGNAL: eth-updown-15m-1770929100 | Side: up | Shares: 50.04
2026-02-16 11:54:10.226042 | SIGNAL: eth-updown-15m-1769525100 | Side: down | Shares: 118.773635
2026-02-16 11:54:10.226501 | SIGNAL: btc-updown-5m-1771055400 | Side: down | Shares: 46.09
2026-02-16 11:54:10.227004 | SIGNAL: btc-updown-5m-1771112400 | Side: up | Shares: 44.0
2026-02-16 11:54:10.227518 | SIGNAL: btc-updown-5m-1771217700 | Side: down | Shares: 259.822003
2026-02-16 11:54:10.228013 | SIGNAL: eth-updown-15m-1769607000 | Side: down | Shares: 9.0
2026-02-16 11:54:10.228466 | SIGNAL: xrp-updown-15m-1768249800 | Side: up | Shares: 448.086657
2026-02-16 11:54:10.228910 | SIGNAL: eth-updown-15m-1770229800 | Side: down | Shares: 23.453075
2026-02-16 11:54:10.229378 | SIGNAL: btc-updown-15m-1768290300 | Side: down | Shares: 1266.912305
2026-02-16 11:54:10.229883 | SIGNAL: eth-updown-15m-1768026600 | Side: down | Shares: 1092.400335
2026-02-16 11:54:10.230303 | SIGNAL: eth-updown-15m-1767347100 | Side: down | Shares: 299.998978
2026-02-16 11:54:10.230864 | SIGNAL: eth-updown-15m-1767549600 | Side: up | Shares: 100.0
2026-02-16 11:54:10.231577 | SIGNAL: btc-updown-15m-1769541300 | Side: down | Shares: 492.1938
2026-02-16 11:54:10.232121 | SIGNAL: sol-updown-15m-1769466600 | Side: down | Shares: 253.250315
2026-02-16 11:54:10.232756 | SIGNAL: btc-updown-15m-1768011300 | Side: down | Shares: 5.0
2026-02-16 11:54:10.233219 | SIGNAL: btc-updown-15m-1769587200 | Side: down | Shares: 500.0
2026-02-16 11:54:10.233479 | SIGNAL: btc-updown-15m-1767875400 | Side: down | Shares: 418.753834
2026-02-16 11:54:10.234255 | SIGNAL: eth-updown-15m-1770784200 | Side: up | Shares: 378.045
2026-02-16 11:54:10.234573 | SIGNAL: eth-updown-15m-1769616000 | Side: up | Shares: 529.98
2026-02-16 11:54:10.235046 | SIGNAL: sol-updown-15m-1768161600 | Side: up | Shares: 374.99818
2026-02-16 11:54:10.236044 | SIGNAL: btc-updown-15m-1768603500 | Side: down | Shares: 751.0
2026-02-16 11:54:10.236512 | SIGNAL: sol-updown-15m-1771246800 | Side: down | Shares: 5.0
2026-02-16 11:54:10.236936 | SIGNAL: btc-updown-15m-1768370400 | Side: up | Shares: 87.03739
2026-02-16 11:54:10.237382 | SIGNAL: eth-updown-15m-1771172100 | Side: down | Shares: 250.0
2026-02-16 11:54:10.237884 | SIGNAL: btc-updown-5m-1771005900 | Side: down | Shares: 57.592591
2026-02-16 11:54:10.238337 | SIGNAL: btc-updown-15m-1770927300 | Side: up | Shares: 134.8032
2026-02-16 11:54:10.239024 | SIGNAL: btc-updown-15m-1770975000 | Side: down | Shares: 432.595734
2026-02-16 11:54:10.239429 | SIGNAL: eth-updown-15m-1768643100 | Side: up | Shares: 9.196426
2026-02-16 11:54:10.239708 | SIGNAL: ethereum-up-or-down-february-5-3am-et | Side: down | Shares: 249.997923
2026-02-16 11:54:10.239966 | SIGNAL: btc-updown-15m-1767852000 | Side: up | Shares: 249.997825
2026-02-16 11:54:10.240266 | SIGNAL: eth-updown-15m-1768384800 | Side: down | Shares: 147.300906
2026-02-16 11:54:10.240563 | SIGNAL: btc-updown-5m-1771074900 | Side: up | Shares: 49.5
2026-02-16 11:54:10.240909 | SIGNAL: btc-updown-15m-1770345900 | Side: up | Shares: 1884.058057
2026-02-16 11:54:10.241330 | SIGNAL: sol-updown-15m-1770910200 | Side: up | Shares: 378.0
2026-02-16 11:54:10.241771 | SIGNAL: sol-updown-15m-1768958100 | Side: down | Shares: 27.91
2026-02-16 11:54:10.242165 | SIGNAL: btc-updown-15m-1769995800 | Side: up | Shares: 2562.693016
2026-02-16 11:54:10.242735 | SIGNAL: eth-updown-15m-1767430800 | Side: down | Shares: 712.2475
2026-02-16 11:54:10.243035 | SIGNAL: eth-updown-15m-1767827700 | Side: down | Shares: 945.146491
2026-02-16 11:54:10.243509 | SIGNAL: eth-updown-15m-1768113900 | Side: down | Shares: 853.141691
2026-02-16 11:54:10.243908 | SIGNAL: btc-updown-15m-1768344300 | Side: down | Shares: 126.2
2026-02-16 11:54:10.244319 | SIGNAL: sol-updown-15m-1769748300 | Side: up | Shares: 221.582856
2026-02-16 11:54:10.244833 | SIGNAL: eth-updown-15m-1768522500 | Side: down | Shares: 115.382155
2026-02-16 11:54:10.245205 | SIGNAL: ethereum-up-or-down-february-7-7am-et | Side: down | Shares: 399.25
2026-02-16 11:54:10.245680 | SIGNAL: btc-updown-15m-1768365000 | Side: up | Shares: 477.673068
2026-02-16 11:54:10.245945 | SIGNAL: eth-updown-15m-1768354200 | Side: up | Shares: 403.0
2026-02-16 11:54:10.246399 | SIGNAL: btc-updown-15m-1770756300 | Side: up | Shares: 499.651221
2026-02-16 11:54:10.246833 | SIGNAL: btc-updown-5m-1771040100 | Side: up | Shares: 50.0
2026-02-16 11:54:10.247198 | SIGNAL: btc-updown-15m-1768936500 | Side: up | Shares: 17.68
2026-02-16 11:54:10.247570 | SIGNAL: eth-updown-15m-1770744600 | Side: down | Shares: 8.291665
2026-02-16 11:54:10.248126 | SIGNAL: btc-updown-15m-1770881400 | Side: up | Shares: 704.977639
2026-02-16 11:54:10.248835 | SIGNAL: btc-updown-15m-1770356700 | Side: down | Shares: 2544.0
2026-02-16 11:54:10.249712 | SIGNAL: sol-updown-15m-1771121700 | Side: up | Shares: 25.0
2026-02-16 11:54:10.250140 | SIGNAL: eth-updown-15m-1768003200 | Side: up | Shares: 691.645088
2026-02-16 11:54:10.250468 | SIGNAL: eth-updown-15m-1770743700 | Side: down | Shares: 5.0
2026-02-16 11:54:10.250768 | SIGNAL: btc-updown-15m-1770151500 | Side: down | Shares: 2499.25
2026-02-16 11:54:10.251039 | SIGNAL: btc-updown-15m-1770767100 | Side: down | Shares: 885.458227
2026-02-16 11:54:10.251442 | SIGNAL: btc-updown-15m-1768083300 | Side: down | Shares: 1170.565378
2026-02-16 11:54:10.251840 | SIGNAL: ethereum-up-or-down-february-4-1am-et | Side: down | Shares: 951.583074
2026-02-16 11:54:10.252655 | SIGNAL: eth-updown-15m-1770365700 | Side: up | Shares: 65.089073
2026-02-16 11:54:10.253367 | SIGNAL: btc-updown-5m-1771043400 | Side: up | Shares: 50.0
2026-02-16 11:54:10.253650 | SIGNAL: sol-updown-15m-1770107400 | Side: up | Shares: 29.821424
2026-02-16 11:54:10.254150 | SIGNAL: eth-updown-15m-1769078700 | Side: down | Shares: 250.0
2026-02-16 11:54:10.254504 | SIGNAL: eth-updown-15m-1767973500 | Side: up | Shares: 299.995383
2026-02-16 11:54:10.254846 | SIGNAL: sol-updown-15m-1768323600 | Side: up | Shares: 1124.998626
2026-02-16 11:54:10.255194 | SIGNAL: btc-updown-15m-1770488100 | Side: down | Shares: 67.1238
2026-02-16 11:54:10.255554 | SIGNAL: eth-updown-15m-1770654600 | Side: down | Shares: 937.107842
2026-02-16 11:54:10.256084 | SIGNAL: eth-updown-15m-1767751200 | Side: down | Shares: 299.464932
2026-02-16 11:54:10.256557 | SIGNAL: btc-updown-15m-1767921300 | Side: down | Shares: 1.164339
2026-02-16 11:54:10.257261 | SIGNAL: btc-updown-15m-1767191400 | Side: up | Shares: 299.59185
2026-02-16 11:54:10.257603 | SIGNAL: eth-updown-15m-1771147800 | Side: up | Shares: 5.92719
2026-02-16 11:54:10.258115 | SIGNAL: sol-updown-15m-1770777000 | Side: up | Shares: 250.0
2026-02-16 11:54:10.258512 | SIGNAL: btc-updown-15m-1767883500 | Side: down | Shares: 958.448765
2026-02-16 11:54:10.259197 | SIGNAL: btc-updown-15m-1768139100 | Side: down | Shares: 1499.9725
2026-02-16 11:54:10.259558 | SIGNAL: sol-updown-15m-1770135300 | Side: up | Shares: 4.811763
2026-02-16 11:54:10.260121 | SIGNAL: btc-updown-15m-1768002300 | Side: up | Shares: 519.571376
2026-02-16 11:54:10.260536 | SIGNAL: btc-updown-15m-1767519900 | Side: down | Shares: 196.739801
2026-02-16 11:54:10.260991 | SIGNAL: btc-updown-15m-1768571100 | Side: down | Shares: 526.293001
2026-02-16 11:54:10.261759 | SIGNAL: eth-updown-15m-1767775500 | Side: down | Shares: 1100.0
2026-02-16 11:54:10.262288 | SIGNAL: eth-updown-15m-1767565800 | Side: up | Shares: 2.29
2026-02-16 11:54:10.262652 | SIGNAL: sol-updown-15m-1770323400 | Side: down | Shares: 323.503946
2026-02-16 11:54:10.263146 | SIGNAL: eth-updown-15m-1768366800 | Side: up | Shares: 19.5
2026-02-16 11:54:10.263541 | SIGNAL: eth-updown-15m-1768933800 | Side: up | Shares: 19.019606
2026-02-16 11:54:10.263909 | SIGNAL: sol-updown-15m-1769771700 | Side: up | Shares: 374.824001
2026-02-16 11:54:10.264346 | SIGNAL: sol-updown-15m-1770177600 | Side: down | Shares: 19.607842
2026-02-16 11:54:10.264790 | SIGNAL: eth-updown-15m-1768039200 | Side: down | Shares: 299.991486
2026-02-16 11:54:10.265320 | SIGNAL: btc-updown-15m-1770574500 | Side: down | Shares: 99.510815
2026-02-16 11:54:10.265998 | SIGNAL: eth-updown-15m-1768567500 | Side: up | Shares: 125.0
2026-02-16 11:54:10.266634 | SIGNAL: eth-updown-15m-1768527900 | Side: up | Shares: 874.9983
2026-02-16 11:54:10.267002 | SIGNAL: btc-updown-15m-1768988700 | Side: up | Shares: 815.488504
2026-02-16 11:54:10.267352 | SIGNAL: sol-updown-15m-1769767200 | Side: up | Shares: 22.5
2026-02-16 11:54:10.267636 | SIGNAL: sol-updown-15m-1770948900 | Side: down | Shares: 83.5
2026-02-16 11:54:10.268025 | SIGNAL: eth-updown-15m-1768312800 | Side: up | Shares: 153.862218
2026-02-16 11:54:10.268352 | SIGNAL: btc-updown-15m-1767703500 | Side: down | Shares: 1207.716099
2026-02-16 11:54:10.268717 | SIGNAL: eth-updown-15m-1769092200 | Side: up | Shares: 250.0
2026-02-16 11:54:10.269450 | SIGNAL: sol-updown-15m-1770004800 | Side: up | Shares: 7.334072
2026-02-16 11:54:10.269872 | SIGNAL: btc-updown-15m-1767639600 | Side: up | Shares: 1251.359187
2026-02-16 11:54:10.270206 | SIGNAL: btc-updown-15m-1768387500 | Side: up | Shares: 1580.208614
2026-02-16 11:54:10.270466 | SIGNAL: sol-updown-15m-1768206600 | Side: up | Shares: 63.566872
2026-02-16 11:54:10.270841 | SIGNAL: eth-updown-15m-1769787000 | Side: down | Shares: 49.122804
2026-02-16 11:54:10.271161 | SIGNAL: btc-updown-15m-1770063300 | Side: up | Shares: 1326.406304
2026-02-16 11:54:10.271425 | SIGNAL: btc-updown-15m-1768620600 | Side: down | Shares: 499.980764
2026-02-16 11:54:10.271732 | SIGNAL: eth-updown-15m-1770410700 | Side: up | Shares: 490.317544
2026-02-16 11:54:10.272170 | SIGNAL: btc-updown-15m-1768906800 | Side: down | Shares: 1855.885075
2026-02-16 11:54:10.272459 | SIGNAL: eth-updown-15m-1769799600 | Side: down | Shares: 90.5
2026-02-16 11:54:10.272753 | SIGNAL: eth-updown-15m-1770771600 | Side: down | Shares: 68.221631
2026-02-16 11:54:10.273011 | SIGNAL: eth-updown-15m-1770154200 | Side: up | Shares: 33.921565
2026-02-16 11:54:10.273277 | SIGNAL: eth-updown-15m-1767503700 | Side: down | Shares: 100.2352
2026-02-16 11:54:10.273560 | SIGNAL: eth-updown-15m-1769762700 | Side: down | Shares: 252.0
2026-02-16 11:54:10.273878 | SIGNAL: eth-updown-15m-1769439600 | Side: down | Shares: 59.673909
2026-02-16 11:54:10.274212 | SIGNAL: btc-updown-15m-1770342300 | Side: down | Shares: 2555.5723
2026-02-16 11:54:10.274563 | SIGNAL: btc-updown-15m-1768896000 | Side: up | Shares: 120.295382
2026-02-16 11:54:10.274870 | SIGNAL: btc-updown-15m-1767946500 | Side: down | Shares: 801.940852
2026-02-16 11:54:10.275183 | SIGNAL: sol-updown-15m-1770380100 | Side: down | Shares: 5.0
2026-02-16 11:54:10.275530 | SIGNAL: btc-updown-15m-1767267000 | Side: up | Shares: 1146.176588
2026-02-16 11:54:10.275985 | SIGNAL: eth-updown-15m-1771124400 | Side: up | Shares: 50.0
2026-02-16 11:54:10.276321 | SIGNAL: eth-updown-15m-1771095600 | Side: up | Shares: 150.0
2026-02-16 11:54:10.276611 | SIGNAL: eth-updown-15m-1770792300 | Side: up | Shares: 6.38
2026-02-16 11:54:10.276862 | SIGNAL: btc-updown-15m-1770064200 | Side: up | Shares: 633.994614
2026-02-16 11:54:10.277253 | SIGNAL: eth-updown-15m-1769701500 | Side: down | Shares: 212.491523
2026-02-16 11:54:10.277591 | SIGNAL: eth-updown-15m-1767938400 | Side: up | Shares: 33.473961
2026-02-16 11:54:10.277878 | SIGNAL: btc-updown-5m-1771191600 | Side: up | Shares: 77.311567
2026-02-16 11:54:10.278130 | SIGNAL: eth-updown-15m-1769729400 | Side: down | Shares: 425.744679
2026-02-16 11:54:10.278515 | SIGNAL: btc-updown-15m-1769455800 | Side: down | Shares: 689.047527
2026-02-16 11:54:10.278809 | SIGNAL: eth-updown-15m-1768580100 | Side: down | Shares: 301.925451
2026-02-16 11:54:10.279098 | SIGNAL: sol-updown-15m-1768291200 | Side: down | Shares: 149.168315
2026-02-16 11:54:10.279483 | SIGNAL: btc-updown-15m-1767924000 | Side: down | Shares: 228.068457
2026-02-16 11:54:10.279762 | SIGNAL: eth-updown-15m-1768442400 | Side: up | Shares: 375.0
2026-02-16 11:54:10.280040 | SIGNAL: btc-updown-5m-1771196400 | Side: up | Shares: 49.05
2026-02-16 11:54:10.280297 | SIGNAL: btc-updown-15m-1770666300 | Side: down | Shares: 852.750303
2026-02-16 11:54:10.280601 | SIGNAL: btc-updown-15m-1770851700 | Side: up | Shares: 1698.401264
2026-02-16 11:54:10.280851 | SIGNAL: eth-updown-15m-1768047300 | Side: up | Shares: 99.975465
2026-02-16 11:54:10.281176 | SIGNAL: btc-updown-15m-1770936300 | Side: down | Shares: 575.457748
2026-02-16 11:54:10.281815 | SIGNAL: eth-updown-15m-1767274200 | Side: down | Shares: 301.81818
2026-02-16 11:54:10.282459 | SIGNAL: btc-updown-5m-1770975600 | Side: down | Shares: 25.52
2026-02-16 11:54:10.283130 | SIGNAL: eth-updown-15m-1767342600 | Side: down | Shares: 704.837139
2026-02-16 11:54:10.283542 | SIGNAL: sol-updown-15m-1769618700 | Side: down | Shares: 160.789472
2026-02-16 11:54:10.283887 | SIGNAL: eth-updown-15m-1767993300 | Side: down | Shares: 76.842058
2026-02-16 11:54:10.284314 | SIGNAL: btc-updown-15m-1769544000 | Side: down | Shares: 363.6
2026-02-16 11:54:10.284590 | SIGNAL: btc-updown-15m-1769418900 | Side: up | Shares: 259.291665
2026-02-16 11:54:10.284841 | SIGNAL: eth-updown-15m-1767722400 | Side: down | Shares: 165.477271
2026-02-16 11:54:10.285088 | SIGNAL: eth-updown-15m-1770442200 | Side: up | Shares: 183.225685
2026-02-16 11:54:10.285337 | SIGNAL: sol-updown-15m-1769690700 | Side: down | Shares: 27.06018
2026-02-16 11:54:10.286005 | SIGNAL: btc-updown-5m-1770936000 | Side: down | Shares: 46.095711
2026-02-16 11:54:10.286342 | SIGNAL: btc-updown-15m-1770017400 | Side: down | Shares: 3375.369381
2026-02-16 11:54:10.286700 | SIGNAL: eth-updown-15m-1770836400 | Side: down | Shares: 16.223332
2026-02-16 11:54:10.287077 | SIGNAL: ethereum-up-or-down-february-13-5pm-et | Side: down | Shares: 96.78
2026-02-16 11:54:10.287337 | SIGNAL: btc-updown-15m-1769759100 | Side: down | Shares: 600.960414
2026-02-16 11:54:10.287675 | SIGNAL: btc-updown-15m-1768226400 | Side: down | Shares: 1576.642415
2026-02-16 11:54:10.287987 | SIGNAL: btc-updown-15m-1769170500 | Side: down | Shares: 983.907838
2026-02-16 11:54:10.288326 | SIGNAL: btc-updown-5m-1770984600 | Side: up | Shares: 6.0
2026-02-16 11:54:10.288646 | SIGNAL: btc-updown-15m-1769168700 | Side: up | Shares: 4608.284471
2026-02-16 11:54:10.289016 | SIGNAL: btc-updown-15m-1769498100 | Side: down | Shares: 135.0
2026-02-16 11:54:10.289344 | SIGNAL: sol-updown-15m-1770768000 | Side: down | Shares: 5.0
2026-02-16 11:54:10.289785 | SIGNAL: xrp-updown-15m-1768060800 | Side: down | Shares: 582.071352
2026-02-16 11:54:10.290152 | SIGNAL: btc-updown-15m-1769273100 | Side: down | Shares: 2500.0
2026-02-16 11:54:10.290559 | SIGNAL: btc-updown-15m-1768928400 | Side: down | Shares: 29.377036
2026-02-16 11:54:10.291023 | SIGNAL: eth-updown-15m-1768635000 | Side: up | Shares: 304.0
2026-02-16 11:54:10.291464 | SIGNAL: eth-updown-15m-1767288600 | Side: up | Shares: 100.0
2026-02-16 11:54:10.292048 | SIGNAL: eth-updown-15m-1770819300 | Side: up | Shares: 1516.681397
2026-02-16 11:54:10.292381 | SIGNAL: bitcoin-up-or-down-february-7-1pm-et | Side: down | Shares: 598.0
2026-02-16 11:54:10.292696 | SIGNAL: sol-updown-15m-1768539600 | Side: down | Shares: 41.170735
2026-02-16 11:54:10.293029 | SIGNAL: btc-updown-15m-1768218300 | Side: down | Shares: 114.95
2026-02-16 11:54:10.293288 | SIGNAL: eth-updown-15m-1767295800 | Side: down | Shares: 100.0
2026-02-16 11:54:10.293572 | SIGNAL: eth-updown-15m-1769741100 | Side: up | Shares: 36.703702
2026-02-16 11:54:10.293857 | SIGNAL: bitcoin-up-or-down-february-6-8am-et | Side: down | Shares: 762.3424
2026-02-16 11:54:10.294139 | SIGNAL: sol-updown-15m-1771244100 | Side: down | Shares: 25.0
2026-02-16 11:54:10.294415 | SIGNAL: btc-updown-15m-1768327200 | Side: down | Shares: 652.863087
2026-02-16 11:54:10.294660 | SIGNAL: eth-updown-15m-1768437000 | Side: up | Shares: 124.993477
2026-02-16 11:54:10.294941 | SIGNAL: eth-updown-15m-1770473700 | Side: up | Shares: 242.697838
2026-02-16 11:54:10.295211 | SIGNAL: btc-updown-15m-1771029900 | Side: down | Shares: 153.288403
2026-02-16 11:54:10.295488 | SIGNAL: eth-updown-15m-1768330800 | Side: up | Shares: 375.0
2026-02-16 11:54:10.295761 | SIGNAL: eth-updown-15m-1769638500 | Side: down | Shares: 8.131665
2026-02-16 11:54:10.296004 | SIGNAL: eth-updown-15m-1767789900 | Side: up | Shares: 12.4
2026-02-16 11:54:10.296279 | SIGNAL: xrp-updown-15m-1768085100 | Side: up | Shares: 50.0
2026-02-16 11:54:10.296521 | SIGNAL: btc-updown-15m-1767934800 | Side: down | Shares: 5.88
2026-02-16 11:54:10.296795 | SIGNAL: eth-updown-15m-1767892500 | Side: up | Shares: 303.508769
2026-02-16 11:54:10.297067 | SIGNAL: eth-updown-15m-1768321800 | Side: down | Shares: 63.82
2026-02-16 11:54:10.297343 | SIGNAL: btc-updown-15m-1770880500 | Side: down | Shares: 660.700929
2026-02-16 11:54:10.297603 | SIGNAL: eth-updown-15m-1770327000 | Side: up | Shares: 1749.25
2026-02-16 11:54:10.297848 | SIGNAL: sol-updown-15m-1771093800 | Side: down | Shares: 25.0
2026-02-16 11:54:10.298173 | SIGNAL: btc-updown-15m-1768413600 | Side: up | Shares: 2545.311775
2026-02-16 11:54:10.298650 | SIGNAL: sol-updown-15m-1770184800 | Side: down | Shares: 151.0
2026-02-16 11:54:10.299359 | SIGNAL: btc-updown-15m-1770964200 | Side: up | Shares: 65.0
2026-02-16 11:54:10.299754 | SIGNAL: btc-updown-15m-1767528000 | Side: up | Shares: 755.610056
2026-02-16 11:54:10.300125 | SIGNAL: eth-updown-15m-1770610500 | Side: down | Shares: 6.0
2026-02-16 11:54:10.300425 | SIGNAL: sol-updown-15m-1770706800 | Side: down | Shares: 575.234332
2026-02-16 11:54:10.300760 | SIGNAL: btc-updown-15m-1770946200 | Side: down | Shares: 4188.598004
2026-02-16 11:54:10.301174 | SIGNAL: bitcoin-up-or-down-february-12-8pm-et | Side: down | Shares: 1735.17
2026-02-16 11:54:10.301525 | SIGNAL: eth-updown-15m-1769616900 | Side: down | Shares: 72.836362
2026-02-16 11:54:10.301943 | SIGNAL: btc-updown-15m-1768533300 | Side: up | Shares: 291.815646
2026-02-16 11:54:10.302677 | SIGNAL: eth-updown-15m-1770210000 | Side: up | Shares: 1085.64
2026-02-16 11:54:10.303046 | SIGNAL: sol-updown-15m-1768227300 | Side: up | Shares: 50.054338
2026-02-16 11:54:10.303495 | SIGNAL: btc-updown-15m-1770978600 | Side: down | Shares: 231.92
2026-02-16 11:54:10.303759 | SIGNAL: ethereum-up-or-down-february-12-4pm-et | Side: down | Shares: 556.297544
2026-02-16 11:54:10.304048 | SIGNAL: btc-updown-5m-1771150800 | Side: down | Shares: 49.988488
2026-02-16 11:54:10.304319 | SIGNAL: eth-updown-15m-1770838200 | Side: down | Shares: 8.0
2026-02-16 11:54:10.304643 | SIGNAL: bitcoin-up-or-down-february-7-3am-et | Side: down | Shares: 500.0
2026-02-16 11:54:10.305000 | SIGNAL: ethereum-up-or-down-february-7-3pm-et | Side: down | Shares: 200.0
2026-02-16 11:54:10.305293 | SIGNAL: xrp-updown-15m-1768013100 | Side: down | Shares: 1370.816065
2026-02-16 11:54:10.305663 | SIGNAL: btc-updown-5m-1770968400 | Side: up | Shares: 350.243047
2026-02-16 11:54:10.305983 | SIGNAL: xrp-updown-15m-1767976200 | Side: down | Shares: 750.0
2026-02-16 11:54:10.306293 | SIGNAL: eth-updown-15m-1770353100 | Side: down | Shares: 7.130815
2026-02-16 11:54:10.306688 | SIGNAL: eth-updown-15m-1767310200 | Side: down | Shares: 100.0
2026-02-16 11:54:10.307176 | SIGNAL: eth-updown-15m-1770608700 | Side: down | Shares: 111.44
2026-02-16 11:54:10.307575 | SIGNAL: eth-updown-15m-1769785200 | Side: down | Shares: 60.6671
2026-02-16 11:54:10.307891 | SIGNAL: btc-updown-15m-1768846500 | Side: up | Shares: 395.05843
2026-02-16 11:54:10.308304 | SIGNAL: eth-updown-15m-1769755500 | Side: down | Shares: 40.636665
2026-02-16 11:54:10.308622 | SIGNAL: btc-updown-15m-1770996600 | Side: up | Shares: 2500.0
2026-02-16 11:54:10.308882 | SIGNAL: eth-updown-15m-1769190300 | Side: up | Shares: 226.697137
2026-02-16 11:54:10.309402 | SIGNAL: sol-updown-15m-1770444900 | Side: up | Shares: 175.0
2026-02-16 11:54:10.309746 | SIGNAL: btc-updown-5m-1771159800 | Side: up | Shares: 49.985915
2026-02-16 11:54:10.310042 | SIGNAL: btc-updown-5m-1771246800 | Side: down | Shares: 149.98583
2026-02-16 11:54:10.310272 | SIGNAL: btc-updown-15m-1768466700 | Side: down | Shares: 1499.581207
2026-02-16 11:54:10.310549 | SIGNAL: btc-updown-15m-1770627600 | Side: up | Shares: 19.222243
2026-02-16 11:54:10.310840 | SIGNAL: sol-updown-15m-1768313700 | Side: down | Shares: 58.476225
2026-02-16 11:54:10.311301 | SIGNAL: eth-updown-15m-1770981300 | Side: down | Shares: 109.125
2026-02-16 11:54:10.311777 | SIGNAL: btc-updown-15m-1769117400 | Side: up | Shares: 1499.49753
2026-02-16 11:54:10.312166 | SIGNAL: sol-updown-15m-1771125300 | Side: up | Shares: 125.0
2026-02-16 11:54:10.312570 | SIGNAL: btc-updown-15m-1770403500 | Side: up | Shares: 5506.510196
2026-02-16 11:54:10.313151 | SIGNAL: btc-updown-15m-1770968700 | Side: down | Shares: 248.46547
2026-02-16 11:54:10.313716 | SIGNAL: eth-updown-15m-1769506200 | Side: down | Shares: 1250.0
2026-02-16 11:54:10.314236 | SIGNAL: bitcoin-up-or-down-february-13-6am-et | Side: down | Shares: 849.45
2026-02-16 11:54:10.314927 | SIGNAL: eth-updown-15m-1769556600 | Side: down | Shares: 749.835303
2026-02-16 11:54:10.315588 | SIGNAL: ethereum-up-or-down-february-13-8am-et | Side: down | Shares: 270.7
2026-02-16 11:54:10.316590 | SIGNAL: bitcoin-up-or-down-february-3-7pm-et | Side: down | Shares: 785.053649
2026-02-16 11:54:10.317173 | SIGNAL: ethereum-up-or-down-february-15-10pm-et | Side: down | Shares: 125.0
2026-02-16 11:54:10.317669 | SIGNAL: btc-updown-15m-1769785200 | Side: down | Shares: 499.98615
2026-02-16 11:54:10.318181 | SIGNAL: btc-updown-5m-1771106100 | Side: down | Shares: 39.355086
2026-02-16 11:54:10.318662 | SIGNAL: sol-updown-15m-1769048100 | Side: down | Shares: 15.45
2026-02-16 11:54:10.319634 | SIGNAL: eth-updown-15m-1770932700 | Side: up | Shares: 94.033702
2026-02-16 11:54:10.320078 | SIGNAL: btc-updown-15m-1770941700 | Side: up | Shares: 500.0
2026-02-16 11:54:10.320515 | SIGNAL: eth-updown-15m-1770450300 | Side: up | Shares: 249.047341
2026-02-16 11:54:10.321021 | SIGNAL: eth-updown-15m-1767834900 | Side: down | Shares: 299.171841
2026-02-16 11:54:10.321468 | SIGNAL: eth-updown-15m-1769020200 | Side: down | Shares: 99.124138
2026-02-16 11:54:10.321877 | SIGNAL: btc-updown-5m-1770981300 | Side: down | Shares: 127.878488
2026-02-16 11:54:10.322275 | SIGNAL: eth-updown-15m-1769724000 | Side: up | Shares: 197.970367
2026-02-16 11:54:10.322708 | SIGNAL: btc-updown-15m-1770532200 | Side: up | Shares: 120.71153
2026-02-16 11:54:10.323192 | SIGNAL: btc-updown-15m-1768557600 | Side: up | Shares: 311.938149
2026-02-16 11:54:10.323672 | SIGNAL: btc-updown-5m-1771002300 | Side: up | Shares: 2.34
2026-02-16 11:54:10.324483 | SIGNAL: eth-updown-15m-1769692500 | Side: down | Shares: 633.362799
2026-02-16 11:54:10.325064 | SIGNAL: sol-updown-15m-1770467400 | Side: up | Shares: 24.999258
2026-02-16 11:54:10.325559 | SIGNAL: sol-updown-15m-1768361400 | Side: down | Shares: 2.0
2026-02-16 11:54:10.325958 | SIGNAL: btc-updown-15m-1770872400 | Side: up | Shares: 23.127656
2026-02-16 11:54:10.326395 | SIGNAL: sol-updown-15m-1770569100 | Side: up | Shares: 5.0
2026-02-16 11:54:10.326684 | SIGNAL: btc-updown-15m-1767565800 | Side: up | Shares: 285.414997
2026-02-16 11:54:10.327116 | SIGNAL: btc-updown-15m-1769746500 | Side: down | Shares: 5406.641824
2026-02-16 11:54:10.327603 | SIGNAL: sol-updown-15m-1768449600 | Side: down | Shares: 130.0
2026-02-16 11:54:10.327947 | SIGNAL: btc-updown-5m-1770991800 | Side: up | Shares: 374.989997
2026-02-16 11:54:10.328265 | SIGNAL: eth-updown-15m-1770663600 | Side: up | Shares: 2.0
2026-02-16 11:54:10.328570 | SIGNAL: ethereum-up-or-down-february-12-6pm-et | Side: down | Shares: 675.830832
2026-02-16 11:54:10.328905 | SIGNAL: btc-updown-15m-1767527100 | Side: up | Shares: 870.12
2026-02-16 11:54:10.329212 | SIGNAL: eth-updown-15m-1768015800 | Side: up | Shares: 300.0
2026-02-16 11:54:10.329573 | SIGNAL: eth-updown-15m-1769777100 | Side: up | Shares: 3.0
2026-02-16 11:54:10.330006 | SIGNAL: btc-updown-5m-1771070700 | Side: down | Shares: 49.2188
2026-02-16 11:54:10.330325 | SIGNAL: sol-updown-15m-1768383000 | Side: down | Shares: 10.0
2026-02-16 11:54:10.330593 | SIGNAL: eth-updown-15m-1771254900 | Side: up | Shares: 249.997448
2026-02-16 11:54:10.330931 | SIGNAL: eth-updown-15m-1770266700 | Side: up | Shares: 327.5
2026-02-16 11:54:10.331192 | SIGNAL: btc-updown-5m-1771118700 | Side: up | Shares: 74.963055
2026-02-16 11:54:10.331741 | SIGNAL: eth-updown-15m-1767836700 | Side: down | Shares: 330.995174
2026-02-16 11:54:10.332400 | SIGNAL: sol-updown-15m-1770682500 | Side: up | Shares: 1.23
2026-02-16 11:54:10.333316 | SIGNAL: eth-updown-15m-1770846300 | Side: up | Shares: 505.514067
2026-02-16 11:54:10.333849 | SIGNAL: sol-updown-15m-1769657400 | Side: down | Shares: 251.391524
2026-02-16 11:54:10.334143 | SIGNAL: ethereum-up-or-down-february-6-10pm-et | Side: down | Shares: 208.0
2026-02-16 11:54:10.334509 | SIGNAL: eth-updown-15m-1769192100 | Side: down | Shares: 249.602155
2026-02-16 11:54:10.334818 | SIGNAL: bitcoin-up-or-down-february-13-10pm-et | Side: down | Shares: 400.0
2026-02-16 11:54:10.335176 | SIGNAL: ethereum-up-or-down-february-12-2pm-et | Side: down | Shares: 496.925486
2026-02-16 11:54:10.335875 | SIGNAL: btc-updown-15m-1771222500 | Side: up | Shares: 126.08
2026-02-16 11:54:10.336213 | SIGNAL: btc-updown-5m-1770931200 | Side: up | Shares: 405.291727
2026-02-16 11:54:10.336554 | SIGNAL: sol-updown-15m-1770739200 | Side: down | Shares: 23.19
2026-02-16 11:54:10.336938 | SIGNAL: eth-updown-15m-1767723300 | Side: down | Shares: 6.85
2026-02-16 11:54:10.337268 | SIGNAL: btc-updown-15m-1769526900 | Side: up | Shares: 71.66
2026-02-16 11:54:10.337516 | SIGNAL: eth-updown-15m-1769594400 | Side: down | Shares: 446.0938
2026-02-16 11:54:10.337829 | SIGNAL: btc-updown-5m-1771203900 | Side: down | Shares: 253.43
2026-02-16 11:54:10.338254 | SIGNAL: eth-updown-15m-1770049800 | Side: up | Shares: 388.13
2026-02-16 11:54:10.338683 | SIGNAL: btc-updown-15m-1768952700 | Side: up | Shares: 2708.903351
2026-02-16 11:54:10.338958 | SIGNAL: eth-updown-15m-1769490900 | Side: up | Shares: 59.0
2026-02-16 11:54:10.339276 | SIGNAL: sol-updown-15m-1768337100 | Side: down | Shares: 39.36
2026-02-16 11:54:10.339632 | SIGNAL: btc-updown-15m-1769779800 | Side: down | Shares: 572.236659
2026-02-16 11:54:10.339979 | SIGNAL: btc-updown-15m-1769040000 | Side: down | Shares: 500.0
2026-02-16 11:54:10.340288 | SIGNAL: btc-updown-5m-1770947100 | Side: down | Shares: 113.53
2026-02-16 11:54:10.340610 | SIGNAL: btc-updown-5m-1770939000 | Side: up | Shares: 81.74
2026-02-16 11:54:10.340963 | SIGNAL: btc-updown-15m-1768170600 | Side: down | Shares: 1058.019606
2026-02-16 11:54:10.341268 | SIGNAL: sol-updown-15m-1769534100 | Side: up | Shares: 46.897958
2026-02-16 11:54:10.341566 | SIGNAL: eth-updown-15m-1768065300 | Side: up | Shares: 757.897036
2026-02-16 11:54:10.341911 | SIGNAL: btc-updown-5m-1771224000 | Side: up | Shares: 208.638268
2026-02-16 11:54:10.342244 | SIGNAL: sol-updown-15m-1767690900 | Side: down | Shares: 355.0
2026-02-16 11:54:10.342516 | SIGNAL: eth-updown-15m-1770345900 | Side: up | Shares: 32.686602
2026-02-16 11:54:10.342846 | SIGNAL: eth-updown-15m-1770182100 | Side: up | Shares: 750.0
2026-02-16 11:54:10.343161 | SIGNAL: sol-updown-15m-1768482900 | Side: down | Shares: 10.0
2026-02-16 11:54:10.343466 | SIGNAL: sol-updown-15m-1769729400 | Side: down | Shares: 76.406665
2026-02-16 11:54:10.343773 | SIGNAL: eth-updown-15m-1770013800 | Side: down | Shares: 474.795452
2026-02-16 11:54:10.344074 | SIGNAL: ethereum-up-or-down-february-14-10am-et | Side: down | Shares: 76.621537
2026-02-16 11:54:10.344446 | SIGNAL: eth-updown-15m-1768631400 | Side: down | Shares: 189.212549
2026-02-16 11:54:10.344780 | SIGNAL: btc-updown-5m-1771158000 | Side: down | Shares: 72.791106
2026-02-16 11:54:10.345164 | SIGNAL: btc-updown-15m-1770597900 | Side: down | Shares: 693.732631
2026-02-16 11:54:10.345493 | SIGNAL: ethereum-up-or-down-february-4-1pm-et | Side: down | Shares: 1523.37
2026-02-16 11:54:10.345827 | SIGNAL: sol-updown-15m-1769597100 | Side: up | Shares: 28.539635
2026-02-16 11:54:10.346217 | SIGNAL: btc-updown-5m-1771261500 | Side: up | Shares: 123.020584
2026-02-16 11:54:10.346510 | SIGNAL: btc-updown-5m-1771229400 | Side: up | Shares: 100.0
2026-02-16 11:54:10.346859 | SIGNAL: btc-updown-15m-1768221900 | Side: down | Shares: 949.127201
2026-02-18 08:32:48.923887 | SIGNAL: bitcoin-up-or-down-february-18-9am-et | Side: down | Shares: 2232.425383
2026-02-18 08:32:48.924367 | SIGNAL: ethereum-up-or-down-february-16-11pm-et | Side: down | Shares: 125.0
2026-02-18 08:32:48.924734 | SIGNAL: eth-updown-15m-1771323300 | Side: up | Shares: 3.259501
2026-02-18 08:32:48.925024 | SIGNAL: btc-updown-5m-1771384200 | Side: down | Shares: 3.972306
2026-02-18 08:32:48.925258 | SIGNAL: sol-updown-15m-1771389900 | Side: down | Shares: 100.0
2026-02-18 08:32:48.925485 | SIGNAL: sol-updown-15m-1771388100 | Side: down | Shares: 16.0
2026-02-18 08:32:48.925772 | SIGNAL: btc-updown-5m-1771361700 | Side: down | Shares: 17.153961
2026-02-18 08:32:48.926004 | SIGNAL: btc-updown-15m-1771367400 | Side: up | Shares: 299.85
2026-02-18 08:32:48.926244 | SIGNAL: btc-updown-5m-1771335900 | Side: down | Shares: 127.984638
2026-02-18 08:32:48.926474 | SIGNAL: sol-updown-15m-1771271100 | Side: up | Shares: 25.0
2026-02-18 08:32:48.926752 | SIGNAL: btc-updown-5m-1771334700 | Side: up | Shares: 171.670783
2026-02-18 08:32:48.926998 | SIGNAL: btc-updown-5m-1771382700 | Side: up | Shares: 100.0
2026-02-18 08:32:48.927225 | SIGNAL: sol-updown-15m-1771326900 | Side: down | Shares: 28.729997
2026-02-18 08:32:48.927473 | SIGNAL: sol-updown-15m-1771322400 | Side: up | Shares: 242.99
2026-02-18 08:32:48.927746 | SIGNAL: btc-updown-15m-1771327800 | Side: up | Shares: 91.52
2026-02-18 08:32:48.927998 | SIGNAL: bitcoin-up-or-down-february-17-11pm-et | Side: down | Shares: 300.0
2026-02-18 08:32:48.928235 | SIGNAL: btc-updown-5m-1771392000 | Side: up | Shares: 328.425339
2026-02-18 08:32:48.928460 | SIGNAL: sol-updown-15m-1771338600 | Side: up | Shares: 23.0
2026-02-18 08:32:48.928705 | SIGNAL: sol-updown-15m-1771266600 | Side: up | Shares: 25.0
2026-02-18 08:32:48.928967 | SIGNAL: btc-updown-5m-1771344900 | Side: down | Shares: 297.9169
2026-02-18 08:32:48.929192 | SIGNAL: btc-updown-5m-1771386300 | Side: down | Shares: 299.982305
2026-02-18 08:32:48.929415 | SIGNAL: btc-updown-5m-1771275900 | Side: down | Shares: 307.492221
2026-02-18 08:32:48.929670 | SIGNAL: btc-updown-5m-1771315800 | Side: up | Shares: 129.49
2026-02-18 08:32:48.929953 | SIGNAL: eth-updown-15m-1771358400 | Side: up | Shares: 137.85
2026-02-18 09:37:00.714351 | SIGNAL: bitcoin-up-or-down-february-18-10am-et | Side: down | Shares: 1193.481965
2026-02-18 11:04:40.821504 | SIGNAL: bitcoin-up-or-down-february-18-12pm-et | Side: up | Shares: 790.321633
2026-02-18 11:04:40.821826 | SIGNAL: btc-updown-15m-1769779800 | Side: down | Shares: 572.236659
2026-02-18 14:30:27.583271 | SIGNAL: bitcoin-up-or-down-february-18-3pm-et | Side: up | Shares: 1117.691531
2026-02-18 14:30:27.583612 | SIGNAL: ethereum-up-or-down-february-18-3pm-et | Side: up | Shares: 244.356743
2026-02-18 15:03:15.027442 | SIGNAL: bitcoin-up-or-down-february-18-4pm-et | Side: down | Shares: 283.635223
2026-02-18 15:52:17.782827 | SIGNAL: bitcoin-up-or-down-february-18-5pm-et | Side: down | Shares: 560.105971
2026-02-18 15:52:17.783122 | SIGNAL: eth-updown-15m-1771358400 | Side: up | Shares: 137.85
