[2026-02-25 00:56:26 UTC] Weather Whale: NEW POSITION — Will the highest temperature in Seattle be 37°F or below on February 13? | Side=yes | Shares=312.904
[2026-02-25 00:56:26 UTC] Weather Whale: NEW POSITION — Will the highest temperature in Atlanta be between 52-53°F on February 13? | Side=yes | Shares=4005.372936
[2026-02-25 00:56:26 UTC] Weather Whale: NEW POSITION — Will the highest temperature in Dallas be 57°F or below on February 13? | Side=yes | Shares=262.5
[2026-02-25 00:56:26 UTC] Weather Whale: NEW POSITION — Will the highest temperature in Atlanta be 51°F or below on February 13? | Side=yes | Shares=430.0
[2026-02-25 00:56:26 UTC] Weather Whale: NEW POSITION — Will the highest temperature in Miami be between 76-77°F on February 12? | Side=yes | Shares=166.778721
[2026-02-25 00:56:26 UTC] Weather Whale: NEW POSITION — Will the highest temperature in Chicago be 39°F or below on February 13? | Side=yes | Shares=2080.845236
[2026-02-25 00:56:26 UTC] Weather Whale: NEW POSITION — Will the highest temperature in Atlanta be between 60-61°F on February 12? | Side=yes | Shares=15.384614
[2026-02-25 00:56:32 UTC] @PBot1: NEW POSITION — Bitcoin Up or Down - February 21, 9:15AM-9:30AM ET | Side=down | Shares=476.990407
[2026-02-25 00:56:32 UTC] @PBot1: NEW POSITION — Bitcoin Up or Down - January 10, 6:30PM-6:45PM ET | Side=up | Shares=499.981919
[2026-02-25 00:56:32 UTC] @PBot1: NEW POSITION — Ethereum Up or Down - February 5, 8:30AM-8:45AM ET | Side=down | Shares=570.444209
[2026-02-25 00:56:32 UTC] @PBot1: NEW POSITION — Bitcoin Up or Down - January 14, 8:30AM-8:45AM ET | Side=up | Shares=493.8297
[2026-02-25 00:56:32 UTC] @PBot1: NEW POSITION — Bitcoin Up or Down - January 7, 3:45PM-4:00PM ET | Side=down | Shares=249.990766
[2026-02-25 00:56:32 UTC] @PBot1: NEW POSITION — Bitcoin Up or Down - January 27, 9:15PM-9:30PM ET | Side=down | Shares=120.485685
[2026-02-25 00:56:32 UTC] @PBot1: NEW POSITION — Bitcoin Up or Down - February 22, 2:45AM-2:50AM ET | Side=up | Shares=452.389895
[2026-02-25 00:56:32 UTC] @PBot1: NEW POSITION — Bitcoin Up or Down - February 22, 3:10PM-3:15PM ET | Side=up | Shares=67.640251
[2026-02-25 00:56:32 UTC] @PBot1: NEW POSITION — Ethereum Up or Down - January 8, 3:30PM-3:45PM ET | Side=down | Shares=399.991723
[2026-02-25 00:56:32 UTC] @PBot1: NEW POSITION — Solana Up or Down - January 29, 8:45AM-9:00AM ET | Side=down | Shares=26.545453
[2026-02-25 00:56:32 UTC] @PBot1: NEW POSITION — Bitcoin Up or Down - February 21, 3:55PM-4:00PM ET | Side=up | Shares=49.992856
[2026-02-25 00:56:32 UTC] @PBot1: NEW POSITION — Bitcoin Up or Down - January 22, 6:15PM-6:30PM ET | Side=down | Shares=296.801469
[2026-02-25 00:56:32 UTC] @PBot1: NEW POSITION — Ethereum Up or Down - January 12, 9:30AM-9:45AM ET | Side=down | Shares=214.419225
[2026-02-25 00:56:32 UTC] @PBot1: NEW POSITION — Ethereum Up or Down - January 23, 11:15AM-11:30AM ET | Side=up | Shares=257.555022
[2026-02-25 00:56:32 UTC] @PBot1: NEW POSITION — Bitcoin Up or Down - February 23, 11:00AM-11:05AM ET | Side=up | Shares=500.0
[2026-02-25 00:56:32 UTC] @PBot1: NEW POSITION — Bitcoin Up or Down - January 22, 8:45PM-9:00PM ET | Side=down | Shares=7773.510201
[2026-02-25 00:56:32 UTC] @PBot1: NEW POSITION — Solana Up or Down - January 15, 11:30PM-11:45PM ET | Side=up | Shares=3.35
[2026-02-25 00:56:32 UTC] @PBot1: NEW POSITION — Ethereum Up or Down - January 10, 11:00PM-11:15PM ET | Side=up | Shares=826.451033
[2026-02-25 00:56:32 UTC] @PBot1: NEW POSITION — Solana Up or Down - February 1, 9:30PM-9:45PM ET | Side=up | Shares=367.144674
[2026-02-25 00:56:32 UTC] @PBot1: NEW POSITION — Bitcoin Up or Down - February 19, 4:15PM-4:20PM ET | Side=down | Shares=100.0
[2026-02-25 00:56:32 UTC] @PBot1: NEW POSITION — Bitcoin Up or Down - January 11, 6:45PM-7:00PM ET | Side=down | Shares=236.872337
[2026-02-25 00:56:32 UTC] @PBot1: NEW POSITION — Bitcoin Up or Down - February 12, 4:30AM-4:45AM ET | Side=down | Shares=1213.394252
[2026-02-25 00:56:32 UTC] @PBot1: NEW POSITION — Ethereum Up or Down - January 16, 9:00AM-9:15AM ET | Side=up | Shares=5.0
[2026-02-25 00:56:32 UTC] @PBot1: NEW POSITION — Ethereum Up or Down - February 6, 1:00PM-1:15PM ET | Side=up | Shares=249.421943
[2026-02-25 00:56:32 UTC] @PBot1: NEW POSITION — Ethereum Up or Down - February 7, 4:30AM-4:45AM ET | Side=up | Shares=3.1
[2026-02-25 00:56:32 UTC] @PBot1: NEW POSITION — Bitcoin Up or Down - January 10, 12:15AM-12:30AM ET | Side=down | Shares=999.979241
[2026-02-25 00:56:32 UTC] @PBot1: NEW POSITION — Bitcoin Up or Down - January 16, 2:45AM-3:00AM ET | Side=down | Shares=77.145713
[2026-02-25 00:56:32 UTC] @PBot1: NEW POSITION — Bitcoin Up or Down - February 23, 2:15PM-2:30PM ET | Side=up | Shares=189.240388
[2026-02-25 00:56:32 UTC] @PBot1: NEW POSITION — Bitcoin Up or Down - January 4, 3:45PM-4:00PM ET | Side=down | Shares=751.590815
[2026-02-25 00:56:32 UTC] @PBot1: NEW POSITION — Bitcoin Up or Down - February 11, 12:30AM-12:45AM ET | Side=up | Shares=167.203329
[2026-02-25 00:56:32 UTC] @PBot1: NEW POSITION — Ethereum Up or Down - February 16, 11PM ET | Side=down | Shares=125.0
[2026-02-25 00:56:32 UTC] @PBot1: NEW POSITION — Bitcoin Up or Down - February 14, 1:35PM-1:40PM ET | Side=down | Shares=50.0
[2026-02-25 00:56:32 UTC] @PBot1: NEW POSITION — Bitcoin Up or Down - January 27, 1:45PM-2:00PM ET | Side=down | Shares=769.287357
[2026-02-25 00:56:32 UTC] @PBot1: NEW POSITION — Bitcoin Up or Down - February 15, 5:45PM-5:50PM ET | Side=up | Shares=149.65
[2026-02-25 00:56:32 UTC] @PBot1: NEW POSITION — Bitcoin Up or Down - February 9, 6:15PM-6:30PM ET | Side=up | Shares=747.696853
[2026-02-25 00:56:32 UTC] @PBot1: NEW POSITION — Ethereum Up or Down - February 5, 9:30AM-9:45AM ET | Side=down | Shares=2.0
[2026-02-25 00:56:32 UTC] @PBot1: NEW POSITION — Bitcoin Up or Down - February 16, 10:05AM-10:10AM ET | Side=up | Shares=325.798168
[2026-02-25 00:56:32 UTC] @PBot1: NEW POSITION — Ethereum Up or Down - February 13, 12:00PM-12:15PM ET | Side=up | Shares=367.7819
[2026-02-25 00:56:32 UTC] @PBot1: NEW POSITION — Bitcoin Up or Down - February 20, 3:05AM-3:10AM ET | Side=up | Shares=109.174612
[2026-02-25 00:56:32 UTC] @PBot1: NEW POSITION — Bitcoin Up or Down - February 23, 3:20PM-3:25PM ET | Side=down | Shares=21.966032
[2026-02-25 00:56:32 UTC] @PBot1: NEW POSITION — Solana Up or Down - January 17, 6:00AM-6:15AM ET | Side=up | Shares=58.9568
[2026-02-25 00:56:32 UTC] @PBot1: NEW POSITION — Bitcoin Up or Down - February 20, 12:20AM-12:25AM ET | Side=down | Shares=541.49
[2026-02-25 00:56:32 UTC] @PBot1: NEW POSITION — Bitcoin Up or Down - January 12, 3:15PM-3:30PM ET | Side=up | Shares=2435.037921
[2026-02-25 00:56:32 UTC] @PBot1: NEW POSITION — Ethereum Up or Down - February 17, 5:15AM-5:30AM ET | Side=up | Shares=3.259501
[2026-02-25 00:56:32 UTC] @PBot1: NEW POSITION — Bitcoin Up or Down - February 2, 8:45PM-9:00PM ET | Side=down | Shares=500.0
[2026-02-25 00:56:32 UTC] @PBot1: NEW POSITION — Bitcoin Up or Down - February 17, 10:10PM-10:15PM ET | Side=down | Shares=3.972306
[2026-02-25 00:56:32 UTC] @PBot1: NEW POSITION — Bitcoin Up or Down - January 4, 8:30PM-8:45PM ET | Side=down | Shares=573.82
[2026-02-25 00:56:32 UTC] @PBot1: NEW POSITION — Bitcoin Up or Down - February 24, 6:45AM-6:50AM ET | Side=down | Shares=100.0
[2026-02-25 00:56:32 UTC] @PBot1: NEW POSITION — Bitcoin Up or Down - January 27, 9:45AM-10:00AM ET | Side=down | Shares=565.421743
[2026-02-25 00:56:32 UTC] @PBot1: NEW POSITION — XRP Up or Down - January 10, 5:00PM-5:15PM ET | Side=down | Shares=50.0
[2026-02-25 00:56:32 UTC] @PBot1: NEW POSITION — Ethereum Up or Down - February 3, 9:15PM-9:30PM ET | Side=up | Shares=411.175706
[2026-02-25 00:56:32 UTC] @PBot1: NEW POSITION — Ethereum Up or Down - January 20, 9:00AM-9:15AM ET | Side=down | Shares=110.675407
[2026-02-25 00:56:32 UTC] @PBot1: NEW POSITION — Bitcoin Up or Down - February 12, 10:15PM-10:30PM ET | Side=down | Shares=7.660783
[2026-02-25 00:56:32 UTC] @PBot1: NEW POSITION — Ethereum Up or Down - January 10, 4:45AM-5:00AM ET | Side=down | Shares=100.6988
[2026-02-25 00:56:32 UTC] @PBot1: NEW POSITION — Ethereum Up or Down - February 2, 1:45PM-2:00PM ET | Side=up | Shares=749.46
[2026-02-25 00:56:32 UTC] @PBot1: NEW POSITION — Bitcoin Up or Down - February 12, 1:50PM-1:55PM ET | Side=up | Shares=375.0
[2026-02-25 00:56:32 UTC] @PBot1: NEW POSITION — Bitcoin Up or Down - January 11, 1:15PM-1:30PM ET | Side=down | Shares=500.0
[2026-02-25 00:56:32 UTC] @PBot1: NEW POSITION — Bitcoin Up or Down - February 13, 6:10AM-6:15AM ET | Side=up | Shares=73.83
[2026-02-25 00:56:32 UTC] @PBot1: NEW POSITION — Solana Up or Down - January 21, 9:45AM-10:00AM ET | Side=down | Shares=125.0
[2026-02-25 00:56:32 UTC] @PBot1: NEW POSITION — Ethereum Up or Down - February 8, 5:15AM-5:30AM ET | Side=up | Shares=291.992829
[2026-02-25 00:56:32 UTC] @PBot1: NEW POSITION — Bitcoin Up or Down - February 4, 1:45PM-2:00PM ET | Side=up | Shares=1632.937786
[2026-02-25 00:56:32 UTC] @PBot1: NEW POSITION — Solana Up or Down - January 19, 11:15PM-11:30PM ET | Side=up | Shares=8.48
[2026-02-25 00:56:32 UTC] @PBot1: NEW POSITION — Ethereum Up or Down - February 3, 2:30PM-2:45PM ET | Side=down | Shares=345.296665
[2026-02-25 00:56:32 UTC] @PBot1: NEW POSITION — Bitcoin Up or Down - January 18, 2:45PM-3:00PM ET | Side=up | Shares=182.81818
[2026-02-25 00:56:32 UTC] @PBot1: NEW POSITION — Ethereum Up or Down - February 6, 6:30AM-6:45AM ET | Side=up | Shares=64.0
[2026-02-25 00:56:32 UTC] @PBot1: NEW POSITION — Bitcoin Up or Down - January 9, 1:45PM-2:00PM ET | Side=down | Shares=249.990768
[2026-02-25 00:56:32 UTC] @PBot1: NEW POSITION — Ethereum Up or Down - January 6, 5:45PM-6:00PM ET | Side=down | Shares=1659.631497
[2026-02-25 00:56:32 UTC] @PBot1: NEW POSITION — Bitcoin Up or Down - February 15, 4:30AM-4:35AM ET | Side=up | Shares=137.877763
[2026-02-25 00:56:32 UTC] @PBot1: NEW POSITION — Bitcoin Up or Down - February 13, 11:45PM-12:00AM ET | Side=up | Shares=100.0
[2026-02-25 00:56:32 UTC] @PBot1: NEW POSITION — Solana Up or Down - January 27, 12:30AM-12:45AM ET | Side=down | Shares=117.017541
[2026-02-25 00:56:32 UTC] @PBot1: NEW POSITION — Ethereum Up or Down - February 8, 9AM ET | Side=down | Shares=49.144899
[2026-02-25 00:56:32 UTC] @PBot1: NEW POSITION — Bitcoin Up or Down - February 20, 1:45PM-1:50PM ET | Side=up | Shares=104.788533
[2026-02-25 00:56:32 UTC] @PBot1: NEW POSITION — Bitcoin Up or Down - February 22, 5:40AM-5:45AM ET | Side=down | Shares=84.188678
[2026-02-25 00:56:32 UTC] @PBot1: NEW POSITION — Bitcoin Up or Down - February 21, 1:00PM-1:05PM ET | Side=up | Shares=101.200775
[2026-02-25 00:56:32 UTC] @PBot1: NEW POSITION — Solana Up or Down - January 28, 9:00PM-9:15PM ET | Side=down | Shares=21.192981
[2026-02-25 00:56:32 UTC] @PBot1: NEW POSITION — Solana Up or Down - January 17, 8:45AM-9:00AM ET | Side=down | Shares=169.09
[2026-02-25 00:56:32 UTC] @PBot1: NEW POSITION — Bitcoin Up or Down - January 20, 3:15AM-3:30AM ET | Side=down | Shares=1179.197343
[2026-02-25 00:56:32 UTC] @PBot1: NEW POSITION — Ethereum Up or Down - January 9, 10:45PM-11:00PM ET | Side=down | Shares=100.0
[2026-02-25 00:56:32 UTC] @PBot1: NEW POSITION — Ethereum Up or Down - January 10, 10:45PM-11:00PM ET | Side=down | Shares=46.869564
[2026-02-25 00:56:32 UTC] @PBot1: NEW POSITION — Bitcoin Up or Down - February 12, 10:00AM-10:15AM ET | Side=up | Shares=1388.96881
[2026-02-25 00:56:32 UTC] @PBot1: NEW POSITION — Bitcoin Up or Down - January 4, 10:30AM-10:45AM ET | Side=up | Shares=123.786733
[2026-02-25 00:56:32 UTC] @PBot1: NEW POSITION — Solana Up or Down - February 6, 2:00PM-2:15PM ET | Side=up | Shares=125.0
[2026-02-25 00:56:32 UTC] @PBot1: NEW POSITION — Bitcoin Up or Down - January 23, 9:45AM-10:00AM ET | Side=down | Shares=518.33
[2026-02-25 00:56:32 UTC] @PBot1: NEW POSITION — Bitcoin Up or Down - February 23, 1:45PM-2:00PM ET | Side=up | Shares=799.975181
[2026-02-25 00:56:32 UTC] @PBot1: NEW POSITION — Solana Up or Down - February 1, 6:45PM-7:00PM ET | Side=up | Shares=94.471689
[2026-02-25 00:56:32 UTC] @PBot1: NEW POSITION — Solana Up or Down - February 17, 11:45PM-12:00AM ET | Side=down | Shares=100.0
[2026-02-25 00:56:32 UTC] @PBot1: NEW POSITION — Solana Up or Down - January 17, 3:00AM-3:15AM ET | Side=down | Shares=59.333327
[2026-02-25 00:56:32 UTC] @PBot1: NEW POSITION — Ethereum Up or Down - February 5, 3:45PM-4:00PM ET | Side=down | Shares=563.196137
[2026-02-25 00:56:32 UTC] @PBot1: NEW POSITION — Ethereum Up or Down - January 21, 12:30AM-12:45AM ET | Side=down | Shares=65.8
[2026-02-25 00:56:32 UTC] @PBot1: NEW POSITION — Ethereum Up or Down - January 27, 12:30PM-12:45PM ET | Side=up | Shares=249.749182
[2026-02-25 00:56:32 UTC] @PBot1: NEW POSITION — Bitcoin Up or Down - February 20, 8:55PM-9:00PM ET | Side=up | Shares=99.990783
[2026-02-25 00:56:32 UTC] @PBot1: NEW POSITION — Bitcoin Up or Down - February 12, 2:40PM-2:45PM ET | Side=down | Shares=277.6169
[2026-02-25 00:56:32 UTC] @PBot1: NEW POSITION — Bitcoin Up or Down - February 13, 7:15PM-7:30PM ET | Side=down | Shares=177.490783
[2026-02-25 00:56:32 UTC] @PBot1: NEW POSITION — Bitcoin Up or Down - February 21, 5:05PM-5:10PM ET | Side=up | Shares=235.819721
[2026-02-25 00:56:32 UTC] @PBot1: NEW POSITION — Ethereum Up or Down - January 28, 2:30PM-2:45PM ET | Side=up | Shares=750.0
[2026-02-25 00:56:32 UTC] @PBot1: NEW POSITION — Bitcoin Up or Down - January 11, 9:45AM-10:00AM ET | Side=down | Shares=519.116749
[2026-02-25 00:56:32 UTC] @PBot1: NEW POSITION — Bitcoin Up or Down - February 15, 10:15PM-10:20PM ET | Side=up | Shares=210.295
[2026-02-25 00:56:32 UTC] @PBot1: NEW POSITION — Ethereum Up or Down - January 27, 9:00PM-9:15PM ET | Side=up | Shares=787.98692
[2026-02-25 00:56:32 UTC] @PBot1: NEW POSITION — Bitcoin Up or Down - February 20, 5:00AM-5:05AM ET | Side=up | Shares=294.249795
[2026-02-25 00:56:32 UTC] @PBot1: NEW POSITION — Solana Up or Down - January 29, 7:15PM-7:30PM ET | Side=up | Shares=141.272856
[2026-02-25 00:56:32 UTC] @PBot1: NEW POSITION — Ethereum Up or Down - January 1, 6:45AM-7:00AM ET | Side=down | Shares=1099.430245
[2026-02-25 00:56:32 UTC] @PBot1: NEW POSITION — Ethereum Up or Down - January 10, 8:00PM-8:15PM ET | Side=up | Shares=45.71428
[2026-02-25 00:56:32 UTC] @PBot1: NEW POSITION — Ethereum Up or Down - February 7, 11:30PM-11:45PM ET | Side=up | Shares=50.0
[2026-02-25 00:56:32 UTC] @PBot1: NEW POSITION — Bitcoin Up or Down - January 10, 5:15AM-5:30AM ET | Side=down | Shares=246.0969
[2026-02-25 00:56:32 UTC] @PBot1: NEW POSITION — Bitcoin Up or Down - January 27, 9:00AM-9:15AM ET | Side=down | Shares=492.1875
[2026-02-25 00:56:32 UTC] @PBot1: NEW POSITION — Bitcoin Up or Down - February 19, 2:25PM-2:30PM ET | Side=up | Shares=266.572415
[2026-02-25 00:56:32 UTC] @PBot1: NEW POSITION — Bitcoin Up or Down - February 15, 9:10AM-9:15AM ET | Side=up | Shares=50.0
[2026-02-25 00:56:32 UTC] @PBot1: NEW POSITION — Bitcoin Up or Down - February 20, 9:15AM-9:20AM ET | Side=up | Shares=123.985879
[2026-02-25 00:56:32 UTC] @PBot1: NEW POSITION — Ethereum Up or Down - February 4, 1:45AM-2:00AM ET | Side=up | Shares=250.0
[2026-02-25 00:56:32 UTC] @PBot1: NEW POSITION — Solana Up or Down - January 10, 1:45AM-2:00AM ET | Side=up | Shares=41.53846
[2026-02-25 00:56:32 UTC] @PBot1: NEW POSITION — Bitcoin Up or Down - January 11, 5:00PM-5:15PM ET | Side=up | Shares=2404.104534
[2026-02-25 00:56:32 UTC] @PBot1: NEW POSITION — Ethereum Up or Down - February 5, 7:45AM-8:00AM ET | Side=down | Shares=607.355012
[2026-02-25 00:56:32 UTC] @PBot1: NEW POSITION — Ethereum Up or Down - February 18, 9:00PM-9:15PM ET | Side=down | Shares=16.36
[2026-02-25 00:56:32 UTC] @PBot1: NEW POSITION — Ethereum Up or Down - January 4, 4:15AM-4:30AM ET | Side=up | Shares=255.0
[2026-02-25 00:56:32 UTC] @PBot1: NEW POSITION — Ethereum Up or Down - January 1, 2:15PM-2:30PM ET | Side=down | Shares=99.995093
[2026-02-25 00:56:32 UTC] @PBot1: NEW POSITION — Ethereum Up or Down - February 22, 4:15AM-4:30AM ET | Side=down | Shares=50.0
[2026-02-25 00:56:32 UTC] @PBot1: NEW POSITION — Solana Up or Down - January 26, 4:45AM-5:00AM ET | Side=up | Shares=154.07818
[2026-02-25 00:56:32 UTC] @PBot1: NEW POSITION — Solana Up or Down - February 24, 5:30PM-5:45PM ET | Side=up | Shares=100.0
[2026-02-25 00:56:32 UTC] @PBot1: NEW POSITION — Ethereum Up or Down - February 12, 8:00AM-8:15AM ET | Side=down | Shares=250.0
[2026-02-25 00:56:32 UTC] @PBot1: NEW POSITION — Solana Up or Down - January 21, 2:30PM-2:45PM ET | Side=down | Shares=130.0
[2026-02-25 00:56:32 UTC] @PBot1: NEW POSITION — Bitcoin Up or Down - February 9, 8AM ET | Side=up | Shares=1243.313264
[2026-02-25 00:56:32 UTC] @PBot1: NEW POSITION — Bitcoin Up or Down - January 27, 4:00PM-4:15PM ET | Side=down | Shares=1500.0
[2026-02-25 00:56:32 UTC] @PBot1: NEW POSITION — Ethereum Up or Down - February 7, 9:30PM-9:45PM ET | Side=up | Shares=50.0
[2026-02-25 00:56:32 UTC] @PBot1: NEW POSITION — Ethereum Up or Down - February 10, 12:00AM-12:15AM ET | Side=up | Shares=9.80392
[2026-02-25 00:56:32 UTC] @PBot1: NEW POSITION — Ethereum Up or Down - February 12, 4AM ET | Side=down | Shares=49.71698
[2026-02-25 00:56:32 UTC] @PBot1: NEW POSITION — Bitcoin Up or Down - February 7, 5:30AM-5:45AM ET | Side=up | Shares=696.074795
[2026-02-25 00:56:32 UTC] @PBot1: NEW POSITION — Ethereum Up or Down - January 20, 8:15PM-8:30PM ET | Side=down | Shares=249.993042
[2026-02-25 00:56:32 UTC] @PBot1: NEW POSITION — Solana Up or Down - February 17, 11:15PM-11:30PM ET | Side=down | Shares=16.0
[2026-02-25 00:56:32 UTC] @PBot1: NEW POSITION — Ethereum Up or Down - February 10, 12PM ET | Side=down | Shares=250.0
[2026-02-25 00:56:32 UTC] @PBot1: NEW POSITION — Solana Up or Down - February 21, 10:15PM-10:30PM ET | Side=up | Shares=50.0
[2026-02-25 00:56:32 UTC] @PBot1: NEW POSITION — Bitcoin Up or Down - February 14, 12:25AM-12:30AM ET | Side=up | Shares=180.450946
[2026-02-25 00:56:32 UTC] @PBot1: NEW POSITION — Bitcoin Up or Down - January 24, 5:45AM-6:00AM ET | Side=down | Shares=559.047302
[2026-02-25 00:56:32 UTC] @PBot1: NEW POSITION — Ethereum Up or Down - February 5, 11:00AM-11:15AM ET | Side=up | Shares=100.456035
[2026-02-25 00:56:32 UTC] @PBot1: NEW POSITION — Bitcoin Up or Down - February 12, 10:45AM-10:50AM ET | Side=down | Shares=152.735848
[2026-02-25 00:56:32 UTC] @PBot1: NEW POSITION — Bitcoin Up or Down - February 17, 3:55PM-4:00PM ET | Side=down | Shares=17.153961
[2026-02-25 00:56:32 UTC] @PBot1: NEW POSITION — Solana Up or Down - January 20, 8:00PM-8:15PM ET | Side=down | Shares=5.5
[2026-02-25 00:56:32 UTC] @PBot1: NEW POSITION — Ethereum Up or Down - January 4, 12:30PM-12:45PM ET | Side=down | Shares=300.0
[2026-02-25 00:56:32 UTC] @PBot1: NEW POSITION — Ethereum Up or Down - February 11, 9:00AM-9:15AM ET | Side=down | Shares=585.218797
[2026-02-25 00:56:32 UTC] @PBot1: NEW POSITION — Ethereum Up or Down - February 4, 10:30PM-10:45PM ET | Side=down | Shares=250.0
[2026-02-25 00:56:32 UTC] @PBot1: NEW POSITION — Bitcoin Up or Down - February 16, 7:50AM-7:55AM ET | Side=down | Shares=150.0
[2026-02-25 00:56:32 UTC] @PBot1: NEW POSITION — Bitcoin Up or Down - February 21, 11:50PM-11:55PM ET | Side=down | Shares=594.991914
[2026-02-25 00:56:32 UTC] @PBot1: NEW POSITION — Bitcoin Up or Down - February 11, 2PM ET | Side=down | Shares=499.7
[2026-02-25 00:56:32 UTC] @PBot1: NEW POSITION — Solana Up or Down - January 29, 2:45AM-3:00AM ET | Side=up | Shares=101.641846
[2026-02-25 00:56:32 UTC] @PBot1: NEW POSITION — Solana Up or Down - February 7, 9:30AM-9:45AM ET | Side=up | Shares=5.0
[2026-02-25 00:56:32 UTC] @PBot1: NEW POSITION — Ethereum Up or Down - February 2, 10:45AM-11:00AM ET | Side=up | Shares=1121.329989
[2026-02-25 00:56:32 UTC] @PBot1: NEW POSITION — Bitcoin Up or Down - February 23, 8:15PM-8:20PM ET | Side=up | Shares=1174.553192
[2026-02-25 00:56:32 UTC] @PBot1: NEW POSITION — Ethereum Up or Down - February 7, 8PM ET | Side=down | Shares=342.957646
[2026-02-25 00:56:32 UTC] @PBot1: NEW POSITION — Ethereum Up or Down - January 22, 4:30PM-4:45PM ET | Side=up | Shares=109.856
[2026-02-25 00:56:32 UTC] @PBot1: NEW POSITION — Bitcoin Up or Down - February 15, 1:45PM-2:00PM ET | Side=up | Shares=114.03
[2026-02-25 00:56:32 UTC] @PBot1: NEW POSITION — Bitcoin Up or Down - January 20, 2:45AM-3:00AM ET | Side=up | Shares=721.486525
[2026-02-25 00:56:32 UTC] @PBot1: NEW POSITION — Ethereum Up or Down - January 13, 3:45AM-4:00AM ET | Side=down | Shares=53.756665
[2026-02-25 00:56:32 UTC] @PBot1: NEW POSITION — Solana Up or Down - January 20, 1:30PM-1:45PM ET | Side=up | Shares=125.0
[2026-02-25 00:56:32 UTC] @PBot1: NEW POSITION — Ethereum Up or Down - February 3, 2:15PM-2:30PM ET | Side=down | Shares=27.216273
[2026-02-25 00:56:32 UTC] @PBot1: NEW POSITION — Bitcoin Up or Down - February 14, 6:20AM-6:25AM ET | Side=down | Shares=397.912638
[2026-02-25 00:56:32 UTC] @PBot1: NEW POSITION — Solana Up or Down - February 16, 9:15AM-9:30AM ET | Side=up | Shares=5.0
[2026-02-25 00:56:32 UTC] @PBot1: NEW POSITION — Ethereum Up or Down - February 2, 4:15PM-4:30PM ET | Side=up | Shares=749.718118
[2026-02-25 00:56:32 UTC] @PBot1: NEW POSITION — Ethereum Up or Down - January 10, 7:30AM-7:45AM ET | Side=down | Shares=295.977573
[2026-02-25 00:56:32 UTC] @PBot1: NEW POSITION — Bitcoin Up or Down - February 15, 11:30AM-11:45AM ET | Side=up | Shares=315.407842
[2026-02-25 00:56:32 UTC] @PBot1: NEW POSITION — Ethereum Up or Down - January 13, 12:45AM-1:00AM ET | Side=up | Shares=130.0
[2026-02-25 00:56:32 UTC] @PBot1: NEW POSITION — Solana Up or Down - January 10, 11:45PM-12:00AM ET | Side=down | Shares=42.849606
[2026-02-25 00:56:32 UTC] @PBot1: NEW POSITION — Bitcoin Up or Down - February 24, 6:25AM-6:30AM ET | Side=down | Shares=99.988865
[2026-02-25 00:56:32 UTC] @PBot1: NEW POSITION — Bitcoin Up or Down - January 23, 4:30PM-4:45PM ET | Side=up | Shares=590.510159
[2026-02-25 00:56:32 UTC] @PBot1: NEW POSITION — Bitcoin Up or Down - January 26, 10:15PM-10:30PM ET | Side=down | Shares=500.0
[2026-02-25 00:56:32 UTC] @PBot1: NEW POSITION — Bitcoin Up or Down - February 24, 10:35AM-10:40AM ET | Side=up | Shares=325.402741
[2026-02-25 00:56:32 UTC] @PBot1: NEW POSITION — Bitcoin Up or Down - February 23, 12:20PM-12:25PM ET | Side=up | Shares=90.425303
[2026-02-25 00:56:32 UTC] @PBot1: NEW POSITION — Bitcoin Up or Down - February 4, 9:30AM-9:45AM ET | Side=up | Shares=4489.081302
[2026-02-25 00:56:32 UTC] @PBot1: NEW POSITION — Ethereum Up or Down - February 21, 3:45AM-4:00AM ET | Side=down | Shares=33.905651
[2026-02-25 00:56:32 UTC] @PBot1: NEW POSITION — Ethereum Up or Down - February 2, 6:30AM-6:45AM ET | Side=down | Shares=61.35
[2026-02-25 00:56:32 UTC] @PBot1: NEW POSITION — Bitcoin Up or Down - February 14, 4:05PM-4:10PM ET | Side=down | Shares=233.662036
[2026-02-25 00:56:32 UTC] @PBot1: NEW POSITION — Bitcoin Up or Down - February 19, 7PM ET | Side=down | Shares=613.404043
[2026-02-25 00:56:32 UTC] @PBot1: NEW POSITION — Bitcoin Up or Down - February 14, 7:15AM-7:20AM ET | Side=up | Shares=22.56
[2026-02-25 00:56:32 UTC] @PBot1: NEW POSITION — Ethereum Up or Down - January 5, 3:00AM-3:15AM ET | Side=down | Shares=1100.0
[2026-02-25 00:56:32 UTC] @PBot1: NEW POSITION — Ethereum Up or Down - February 12, 10:00AM-10:15AM ET | Side=up | Shares=12.75
[2026-02-25 00:56:32 UTC] @PBot1: NEW POSITION — Solana Up or Down - January 22, 5:15PM-5:30PM ET | Side=up | Shares=10.91
[2026-02-25 00:56:32 UTC] @PBot1: NEW POSITION — Bitcoin Up or Down - February 9, 5:45AM-6:00AM ET | Side=down | Shares=499.29655
[2026-02-25 00:56:32 UTC] @PBot1: NEW POSITION — Bitcoin Up or Down - January 10, 2:00PM-2:15PM ET | Side=up | Shares=38.61
[2026-02-25 00:56:32 UTC] @PBot1: NEW POSITION — Bitcoin Up or Down - February 21, 6:00PM-6:15PM ET | Side=up | Shares=99.981059
[2026-02-25 00:56:32 UTC] @PBot1: NEW POSITION — Solana Up or Down - January 13, 2:45PM-3:00PM ET | Side=down | Shares=26.5
[2026-02-25 00:56:32 UTC] @PBot1: NEW POSITION — Bitcoin Up or Down - February 20, 9:15PM-9:30PM ET | Side=down | Shares=382.5
[2026-02-25 00:56:32 UTC] @PBot1: NEW POSITION — Ethereum Up or Down - January 9, 8:45PM-9:00PM ET | Side=down | Shares=100.0
[2026-02-25 00:56:32 UTC] @PBot1: NEW POSITION — Ethereum Up or Down - January 8, 2:00PM-2:15PM ET | Side=down | Shares=513.948517
[2026-02-25 00:56:32 UTC] @PBot1: NEW POSITION — Bitcoin Up or Down - January 12, 11:00PM-11:15PM ET | Side=down | Shares=555.237916
[2026-02-25 00:56:32 UTC] @PBot1: NEW POSITION — Bitcoin Up or Down - January 7, 1:45PM-2:00PM ET | Side=up | Shares=925.210786
[2026-02-25 00:56:32 UTC] @PBot1: NEW POSITION — Bitcoin Up or Down - January 9, 10:45AM-11:00AM ET | Side=up | Shares=749.669431
[2026-02-25 00:56:32 UTC] @PBot1: NEW POSITION — Bitcoin Up or Down - February 8, 4:15PM-4:30PM ET | Side=up | Shares=399.957711
[2026-02-25 00:56:32 UTC] @PBot1: NEW POSITION — Bitcoin Up or Down - January 8, 1:30AM-1:45AM ET | Side=down | Shares=746.1436
[2026-02-25 00:56:32 UTC] @PBot1: NEW POSITION — Solana Up or Down - February 20, 5:00AM-5:15AM ET | Side=down | Shares=8.1
[2026-02-25 00:56:32 UTC] @PBot1: NEW POSITION — Bitcoin Up or Down - January 23, 5:45PM-6:00PM ET | Side=down | Shares=492.1875
[2026-02-25 00:56:32 UTC] @PBot1: NEW POSITION — Bitcoin Up or Down - February 4, 4:30AM-4:45AM ET | Side=up | Shares=26.20833
[2026-02-25 00:56:32 UTC] @PBot1: NEW POSITION — Ethereum Up or Down - February 15, 7:30AM-7:45AM ET | Side=up | Shares=150.0
[2026-02-25 00:56:32 UTC] @PBot1: NEW POSITION — Solana Up or Down - January 30, 4:30AM-4:45AM ET | Side=down | Shares=412.091221
[2026-02-25 00:56:32 UTC] @PBot1: NEW POSITION — Bitcoin Up or Down - January 8, 10:15AM-10:30AM ET | Side=down | Shares=960.367053
[2026-02-25 00:56:32 UTC] @PBot1: NEW POSITION — Bitcoin Up or Down - January 4, 12:15PM-12:30PM ET | Side=down | Shares=1297.677344
[2026-02-25 00:56:32 UTC] @PBot1: NEW POSITION — Bitcoin Up or Down - January 8, 3:00AM-3:15AM ET | Side=down | Shares=1749.994891
[2026-02-25 00:56:32 UTC] @PBot1: NEW POSITION — Ethereum Up or Down - January 12, 11:00AM-11:15AM ET | Side=down | Shares=5.0
[2026-02-25 00:56:32 UTC] @PBot1: NEW POSITION — Solana Up or Down - January 28, 4:15PM-4:30PM ET | Side=down | Shares=2.86
[2026-02-25 00:56:32 UTC] @PBot1: NEW POSITION — Bitcoin Up or Down - February 20, 4:10AM-4:15AM ET | Side=down | Shares=1145.0
[2026-02-25 00:56:32 UTC] @PBot1: NEW POSITION — Bitcoin Up or Down - February 10, 5:45AM-6:00AM ET | Side=up | Shares=519.676367
[2026-02-25 00:56:32 UTC] @PBot1: NEW POSITION — Bitcoin Up or Down - February 8, 9:00PM-9:15PM ET | Side=up | Shares=13.68
[2026-02-25 00:56:32 UTC] @PBot1: NEW POSITION — Bitcoin Up or Down - January 14, 9:00AM-9:15AM ET | Side=down | Shares=6285.905356
[2026-02-25 00:56:32 UTC] @PBot1: NEW POSITION — Ethereum Up or Down - February 16, 7:45AM-8:00AM ET | Side=down | Shares=14.04
[2026-02-25 00:56:32 UTC] @PBot1: NEW POSITION — Bitcoin Up or Down - February 20, 2:15AM-2:20AM ET | Side=down | Shares=249.877922
[2026-02-25 00:56:32 UTC] @PBot1: NEW POSITION — Bitcoin Up or Down - February 5, 7:00PM-7:15PM ET | Side=up | Shares=2647.528444
[2026-02-25 00:56:32 UTC] @PBot1: NEW POSITION — Bitcoin Up or Down - January 23, 1:30AM-1:45AM ET | Side=down | Shares=3057.861894
[2026-02-25 00:56:32 UTC] @PBot1: NEW POSITION — Ethereum Up or Down - February 22, 10:00AM-10:15AM ET | Side=up | Shares=30.943332
[2026-02-25 00:56:32 UTC] @PBot1: NEW POSITION — Bitcoin Up or Down - February 12, 7:45AM-7:50AM ET | Side=down | Shares=1125.0
[2026-02-25 00:56:32 UTC] @PBot1: NEW POSITION — Ethereum Up or Down - February 11, 10:15AM-10:30AM ET | Side=down | Shares=1.912279
[2026-02-25 00:56:32 UTC] @PBot1: NEW POSITION — Ethereum Up or Down - January 28, 9:45AM-10:00AM ET | Side=up | Shares=249.89
[2026-02-25 00:56:32 UTC] @PBot1: NEW POSITION — Bitcoin Up or Down - January 14, 3:00AM-3:15AM ET | Side=down | Shares=1499.969984
[2026-02-25 00:56:32 UTC] @PBot1: NEW POSITION — Bitcoin Up or Down - February 13, 2:00AM-2:05AM ET | Side=down | Shares=869.625101
[2026-02-25 00:56:32 UTC] @PBot1: NEW POSITION — Bitcoin Up or Down - February 21, 5:20AM-5:25AM ET | Side=down | Shares=99.978717
[2026-02-25 00:56:32 UTC] @PBot1: NEW POSITION — Ethereum Up or Down - January 8, 5:00PM-5:15PM ET | Side=down | Shares=95.305
[2026-02-25 00:56:32 UTC] @PBot1: NEW POSITION — Solana Up or Down - January 21, 2:45PM-3:00PM ET | Side=down | Shares=34.34
[2026-02-25 00:56:32 UTC] @PBot1: NEW POSITION — Ethereum Up or Down - January 14, 8:15PM-8:30PM ET | Side=up | Shares=79.58
[2026-02-25 00:56:32 UTC] @PBot1: NEW POSITION — Bitcoin Up or Down - January 16, 4:15AM-4:30AM ET | Side=down | Shares=1643.023089
[2026-02-25 00:56:32 UTC] @PBot1: NEW POSITION — Bitcoin Up or Down - February 13, 4:45AM-5:00AM ET | Side=down | Shares=1500.0
[2026-02-25 00:56:32 UTC] @PBot1: NEW POSITION — Bitcoin Up or Down - February 19, 6:15AM-6:20AM ET | Side=up | Shares=121.091676
[2026-02-25 00:56:32 UTC] @PBot1: NEW POSITION — Solana Up or Down - January 28, 6:45PM-7:00PM ET | Side=down | Shares=149.561396
[2026-02-25 00:56:32 UTC] @PBot1: NEW POSITION — Ethereum Up or Down - February 7, 10:30PM-10:45PM ET | Side=up | Shares=70.20408
[2026-02-25 00:56:32 UTC] @PBot1: NEW POSITION — Ethereum Up or Down - February 5, 3:00AM-3:15AM ET | Side=down | Shares=16.125
[2026-02-25 00:56:32 UTC] @PBot1: NEW POSITION — Bitcoin Up or Down - February 12, 8:45PM-9:00PM ET | Side=down | Shares=85.921555
[2026-02-25 00:56:32 UTC] @PBot1: NEW POSITION — Bitcoin Up or Down - February 12, 5:55PM-6:00PM ET | Side=down | Shares=556.728752
[2026-02-25 00:56:32 UTC] @PBot1: NEW POSITION — Ethereum Up or Down - February 5, 2:00AM-2:15AM ET | Side=down | Shares=84.166664
[2026-02-25 00:56:32 UTC] @PBot1: NEW POSITION — Bitcoin Up or Down - February 19, 6:45AM-7:00AM ET | Side=up | Shares=16.14
[2026-02-25 00:56:32 UTC] @PBot1: NEW POSITION — Solana Up or Down - January 27, 6:45AM-7:00AM ET | Side=down | Shares=281.260942
[2026-02-25 00:56:32 UTC] @PBot1: NEW POSITION — Solana Up or Down - January 13, 3:15AM-3:30AM ET | Side=down | Shares=16.0
[2026-02-25 00:56:32 UTC] @PBot1: NEW POSITION — Ethereum Up or Down - February 24, 4:00PM-4:15PM ET | Side=up | Shares=100.0
[2026-02-25 00:56:32 UTC] @PBot1: NEW POSITION — Bitcoin Up or Down - February 21, 9:55AM-10:00AM ET | Side=up | Shares=153.944599
[2026-02-25 00:56:32 UTC] @PBot1: NEW POSITION — Ethereum Up or Down - January 12, 10:30PM-10:45PM ET | Side=up | Shares=124.870625
[2026-02-25 00:56:32 UTC] @PBot1: NEW POSITION — Bitcoin Up or Down - February 13, 3:45PM-3:50PM ET | Side=up | Shares=240.15
[2026-02-25 00:56:32 UTC] @PBot1: NEW POSITION — Ethereum Up or Down - January 12, 10:00AM-10:15AM ET | Side=up | Shares=386.0
[2026-02-25 00:56:32 UTC] @PBot1: NEW POSITION — Bitcoin Up or Down - February 16, 12:10PM-12:15PM ET | Side=up | Shares=42.826121
[2026-02-25 00:56:32 UTC] @PBot1: NEW POSITION — Ethereum Up or Down - January 23, 2:15AM-2:30AM ET | Side=down | Shares=5.0
[2026-02-25 00:56:32 UTC] @PBot1: NEW POSITION — Bitcoin Up or Down - February 24, 8:55AM-9:00AM ET | Side=up | Shares=192.451922
[2026-02-25 00:56:32 UTC] @PBot1: NEW POSITION — Ethereum Up or Down - January 9, 3:15AM-3:30AM ET | Side=down | Shares=714.907556
[2026-02-25 00:56:32 UTC] @PBot1: NEW POSITION — Bitcoin Up or Down - February 14, 3:55PM-4:00PM ET | Side=down | Shares=185.446665
[2026-02-25 00:56:32 UTC] @PBot1: NEW POSITION — Bitcoin Up or Down - February 11, 7:15AM-7:30AM ET | Side=down | Shares=572.042196
[2026-02-25 00:56:32 UTC] @PBot1: NEW POSITION — Bitcoin Up or Down - January 20, 2:15AM-2:30AM ET | Side=down | Shares=716.643447
[2026-02-25 00:56:32 UTC] @PBot1: NEW POSITION — Ethereum Up or Down - February 23, 1:30PM-1:45PM ET | Side=down | Shares=8.425923
[2026-02-25 00:56:32 UTC] @PBot1: NEW POSITION — Solana Up or Down - February 23, 6:00AM-6:15AM ET | Side=down | Shares=136.433959
[2026-02-25 00:56:32 UTC] @PBot1: NEW POSITION — Solana Up or Down - February 20, 7:30AM-7:45AM ET | Side=up | Shares=81.62
[2026-02-25 00:56:32 UTC] @PBot1: NEW POSITION — Bitcoin Up or Down - January 3, 4:15PM-4:30PM ET | Side=down | Shares=1750.0
[2026-02-25 00:56:32 UTC] @PBot1: NEW POSITION — Solana Up or Down - January 30, 2:45AM-3:00AM ET | Side=down | Shares=125.0
[2026-02-25 00:56:32 UTC] @PBot1: NEW POSITION — Ethereum Up or Down - January 12, 3:45AM-4:00AM ET | Side=down | Shares=125.0
[2026-02-25 00:56:32 UTC] @PBot1: NEW POSITION — Bitcoin Up or Down - February 19, 11:30AM-11:35AM ET | Side=down | Shares=100.0
[2026-02-25 00:56:32 UTC] @PBot1: NEW POSITION — Ethereum Up or Down - February 13, 12:45AM-1:00AM ET | Side=up | Shares=729.53
[2026-02-25 00:56:32 UTC] @PBot1: NEW POSITION — Bitcoin Up or Down - January 30, 7:45AM-8:00AM ET | Side=down | Shares=294.793841
[2026-02-25 00:56:32 UTC] @PBot1: NEW POSITION — Ethereum Up or Down - January 17, 3:30AM-3:45AM ET | Side=up | Shares=16.81818
[2026-02-25 00:56:32 UTC] @PBot1: NEW POSITION — Ethereum Up or Down - January 26, 3:00PM-3:15PM ET | Side=up | Shares=96.504372
[2026-02-25 00:56:32 UTC] @PBot1: NEW POSITION — Ethereum Up or Down - February 16, 9:15AM-9:30AM ET | Side=up | Shares=40.5
[2026-02-25 00:56:32 UTC] @PBot1: NEW POSITION — Ethereum Up or Down - February 19, 9:15AM-9:30AM ET | Side=up | Shares=499.304613
[2026-02-25 00:56:32 UTC] @PBot1: NEW POSITION — Bitcoin Up or Down - February 14, 1:45AM-2:00AM ET | Side=down | Shares=233.682447
[2026-02-25 00:56:32 UTC] @PBot1: NEW POSITION — Bitcoin Up or Down - February 20, 9:15PM-9:20PM ET | Side=up | Shares=168.604145
[2026-02-25 00:56:32 UTC] @PBot1: NEW POSITION — Ethereum Up or Down - February 12, 3:45PM-4:00PM ET | Side=up | Shares=50.04
[2026-02-25 00:56:32 UTC] @PBot1: NEW POSITION — Ethereum Up or Down - January 27, 9:45AM-10:00AM ET | Side=down | Shares=118.773635
[2026-02-25 00:56:32 UTC] @PBot1: NEW POSITION — Bitcoin Up or Down - February 14, 2:50AM-2:55AM ET | Side=down | Shares=46.09
[2026-02-25 00:56:32 UTC] @PBot1: NEW POSITION — Bitcoin Up or Down - February 24, 6:50AM-6:55AM ET | Side=up | Shares=100.0
[2026-02-25 00:56:32 UTC] @PBot1: NEW POSITION — Bitcoin Up or Down - February 14, 6:40PM-6:45PM ET | Side=up | Shares=44.0
[2026-02-25 00:56:32 UTC] @PBot1: NEW POSITION — Bitcoin Up or Down - February 23, 5:20AM-5:25AM ET | Side=up | Shares=215.922513
[2026-02-25 00:56:32 UTC] @PBot1: NEW POSITION — Bitcoin Up or Down - February 15, 11:55PM-12:00AM ET | Side=down | Shares=259.822003
[2026-02-25 00:56:32 UTC] @PBot1: NEW POSITION — Ethereum Up or Down - January 28, 8:30AM-8:45AM ET | Side=down | Shares=9.0
[2026-02-25 00:56:32 UTC] @PBot1: NEW POSITION — XRP Up or Down - January 12, 3:30PM-3:45PM ET | Side=up | Shares=448.086657
[2026-02-25 00:56:32 UTC] @PBot1: NEW POSITION — Ethereum Up or Down - February 4, 1:30PM-1:45PM ET | Side=down | Shares=23.453075
[2026-02-25 00:56:32 UTC] @PBot1: NEW POSITION — Bitcoin Up or Down - January 13, 2:45AM-3:00AM ET | Side=down | Shares=1266.912305
[2026-02-25 00:56:32 UTC] @PBot1: NEW POSITION — Ethereum Up or Down - January 10, 1:30AM-1:45AM ET | Side=down | Shares=1092.400335
[2026-02-25 00:56:32 UTC] @PBot1: NEW POSITION — Ethereum Up or Down - January 2, 4:45AM-5:00AM ET | Side=down | Shares=299.998978
[2026-02-25 00:56:32 UTC] @PBot1: NEW POSITION — Ethereum Up or Down - January 4, 1:00PM-1:15PM ET | Side=up | Shares=100.0
[2026-02-25 00:56:32 UTC] @PBot1: NEW POSITION — Bitcoin Up or Down - January 27, 2:15PM-2:30PM ET | Side=down | Shares=492.1938
[2026-02-25 00:56:32 UTC] @PBot1: NEW POSITION — Solana Up or Down - January 26, 5:30PM-5:45PM ET | Side=down | Shares=253.250315
[2026-02-25 00:56:32 UTC] @PBot1: NEW POSITION — Bitcoin Up or Down - January 9, 9:15PM-9:30PM ET | Side=down | Shares=5.0
[2026-02-25 00:56:32 UTC] @PBot1: NEW POSITION — Bitcoin Up or Down - February 24, 5:45AM-6:00AM ET | Side=down | Shares=199.990186
[2026-02-25 00:56:32 UTC] @PBot1: NEW POSITION — Bitcoin Up or Down - January 28, 3:00AM-3:15AM ET | Side=down | Shares=500.0
[2026-02-25 00:56:32 UTC] @PBot1: NEW POSITION — Bitcoin Up or Down - January 8, 7:30AM-7:45AM ET | Side=down | Shares=418.753834
[2026-02-25 00:56:32 UTC] @PBot1: NEW POSITION — Ethereum Up or Down - February 10, 11:30PM-11:45PM ET | Side=up | Shares=378.045
[2026-02-25 00:56:32 UTC] @PBot1: NEW POSITION — Ethereum Up or Down - January 28, 11:00AM-11:15AM ET | Side=up | Shares=529.98
[2026-02-25 00:56:32 UTC] @PBot1: NEW POSITION — Solana Up or Down - January 11, 3:00PM-3:15PM ET | Side=up | Shares=374.99818
[2026-02-25 00:56:32 UTC] @PBot1: NEW POSITION — Bitcoin Up or Down - February 22, 4:00PM-4:15PM ET | Side=down | Shares=104.778179
[2026-02-25 00:56:32 UTC] @PBot1: NEW POSITION — Ethereum Up or Down - February 20, 4:30AM-4:45AM ET | Side=down | Shares=32.11
[2026-02-25 00:56:32 UTC] @PBot1: NEW POSITION — Bitcoin Up or Down - January 16, 5:45PM-6:00PM ET | Side=down | Shares=751.0
[2026-02-25 00:56:32 UTC] @PBot1: NEW POSITION — Solana Up or Down - February 16, 8:00AM-8:15AM ET | Side=down | Shares=5.0
[2026-02-25 00:56:32 UTC] @PBot1: NEW POSITION — Bitcoin Up or Down - January 14, 1:00AM-1:15AM ET | Side=up | Shares=87.03739
[2026-02-25 00:56:32 UTC] @PBot1: NEW POSITION — Ethereum Up or Down - February 15, 11:15AM-11:30AM ET | Side=down | Shares=250.0
[2026-02-25 00:56:32 UTC] @PBot1: NEW POSITION — Bitcoin Up or Down - February 13, 1:05PM-1:10PM ET | Side=down | Shares=57.592591
[2026-02-25 00:56:32 UTC] @PBot1: NEW POSITION — Bitcoin Up or Down - February 12, 3:15PM-3:30PM ET | Side=up | Shares=134.8032
[2026-02-25 00:56:32 UTC] @PBot1: NEW POSITION — Bitcoin Up or Down - February 13, 4:30AM-4:45AM ET | Side=down | Shares=432.595734
[2026-02-25 00:56:32 UTC] @PBot1: NEW POSITION — Bitcoin Up or Down - February 20, 11:00PM-11:15PM ET | Side=up | Shares=49.99408
[2026-02-25 00:56:32 UTC] @PBot1: NEW POSITION — Bitcoin Up or Down - February 19, 9:00PM-9:15PM ET | Side=down | Shares=228.416251
[2026-02-25 00:56:32 UTC] @PBot1: NEW POSITION — Ethereum Up or Down - January 17, 4:45AM-5:00AM ET | Side=up | Shares=9.196426
[2026-02-25 00:56:32 UTC] @PBot1: NEW POSITION — Ethereum Up or Down - February 5, 3AM ET | Side=down | Shares=249.997923
[2026-02-25 00:56:32 UTC] @PBot1: NEW POSITION — Bitcoin Up or Down - January 8, 1:00AM-1:15AM ET | Side=up | Shares=249.997825
[2026-02-25 00:56:32 UTC] @PBot1: NEW POSITION — Ethereum Up or Down - January 14, 5:00AM-5:15AM ET | Side=down | Shares=147.300906
[2026-02-25 00:56:32 UTC] @PBot1: NEW POSITION — Bitcoin Up or Down - February 20, 8:10PM-8:15PM ET | Side=down | Shares=50.0
[2026-02-25 00:56:32 UTC] @PBot1: NEW POSITION — Bitcoin Up or Down - February 14, 8:15AM-8:20AM ET | Side=up | Shares=49.5
[2026-02-25 00:56:32 UTC] @PBot1: NEW POSITION — Bitcoin Up or Down - February 5, 9:45PM-10:00PM ET | Side=up | Shares=1884.058057
[2026-02-25 00:56:32 UTC] @PBot1: NEW POSITION — Ethereum Up or Down - February 20, 3PM ET | Side=down | Shares=180.369813
[2026-02-25 00:56:32 UTC] @PBot1: NEW POSITION — Solana Up or Down - February 12, 10:30AM-10:45AM ET | Side=up | Shares=378.0
[2026-02-25 00:56:32 UTC] @PBot1: NEW POSITION — Solana Up or Down - January 20, 8:15PM-8:30PM ET | Side=down | Shares=27.91
[2026-02-25 00:56:32 UTC] @PBot1: NEW POSITION — Bitcoin Up or Down - February 20, 7:05PM-7:10PM ET | Side=up | Shares=400.0
[2026-02-25 00:56:32 UTC] @PBot1: NEW POSITION — Ethereum Up or Down - February 24, 6:45PM-7:00PM ET | Side=up | Shares=400.0
[2026-02-25 00:56:32 UTC] @PBot1: NEW POSITION — Bitcoin Up or Down - February 1, 8:30PM-8:45PM ET | Side=up | Shares=2562.693016
[2026-02-25 00:56:32 UTC] @PBot1: NEW POSITION — Ethereum Up or Down - January 3, 4:00AM-4:15AM ET | Side=down | Shares=712.2475
[2026-02-25 00:56:32 UTC] @PBot1: NEW POSITION — Ethereum Up or Down - January 7, 6:15PM-6:30PM ET | Side=down | Shares=945.146491
[2026-02-25 00:56:32 UTC] @PBot1: NEW POSITION — Bitcoin Up or Down - February 19, 4:15AM-4:20AM ET | Side=up | Shares=136.239405
[2026-02-25 00:56:32 UTC] @PBot1: NEW POSITION — Solana Up or Down - February 24, 2:15AM-2:30AM ET | Side=down | Shares=81.824148
[2026-02-25 00:56:32 UTC] @PBot1: NEW POSITION — Ethereum Up or Down - January 11, 1:45AM-2:00AM ET | Side=down | Shares=853.141691
[2026-02-25 00:56:32 UTC] @PBot1: NEW POSITION — Bitcoin Up or Down - January 13, 5:45PM-6:00PM ET | Side=down | Shares=126.2
[2026-02-25 00:56:32 UTC] @PBot1: NEW POSITION — Solana Up or Down - January 29, 11:45PM-12:00AM ET | Side=up | Shares=221.582856
[2026-02-25 00:56:32 UTC] @PBot1: NEW POSITION — Ethereum Up or Down - January 15, 7:15PM-7:30PM ET | Side=down | Shares=115.382155
[2026-02-25 00:56:32 UTC] @PBot1: NEW POSITION — Bitcoin Up or Down - February 19, 6:15PM-6:20PM ET | Side=down | Shares=214.408433
[2026-02-25 00:56:32 UTC] @PBot1: NEW POSITION — Ethereum Up or Down - February 7, 7AM ET | Side=down | Shares=399.25
[2026-02-25 00:56:32 UTC] @PBot1: NEW POSITION — Bitcoin Up or Down - February 21, 10:25PM-10:30PM ET | Side=down | Shares=49.992639
[2026-02-25 00:56:32 UTC] @PBot1: NEW POSITION — Bitcoin Up or Down - January 13, 11:30PM-11:45PM ET | Side=up | Shares=477.673068
[2026-02-25 00:56:32 UTC] @PBot1: NEW POSITION — Ethereum Up or Down - January 13, 8:30PM-8:45PM ET | Side=up | Shares=403.0
[2026-02-25 00:56:32 UTC] @PBot1: NEW POSITION — Bitcoin Up or Down - February 10, 3:45PM-4:00PM ET | Side=up | Shares=499.651221
[2026-02-25 00:56:32 UTC] @PBot1: NEW POSITION — Bitcoin Up or Down - February 13, 10:35PM-10:40PM ET | Side=up | Shares=50.0
[2026-02-25 00:56:32 UTC] @PBot1: NEW POSITION — Bitcoin Up or Down - January 20, 2:15PM-2:30PM ET | Side=up | Shares=17.68
[2026-02-25 00:56:32 UTC] @PBot1: NEW POSITION — Ethereum Up or Down - February 10, 12:30PM-12:45PM ET | Side=down | Shares=8.291665
[2026-02-25 00:56:32 UTC] @PBot1: NEW POSITION — Bitcoin Up or Down - February 21, 9:40AM-9:45AM ET | Side=down | Shares=346.0
[2026-02-25 00:56:32 UTC] @PBot1: NEW POSITION — Bitcoin Up or Down - February 12, 2:30AM-2:45AM ET | Side=up | Shares=704.977639
[2026-02-25 00:56:32 UTC] @PBot1: NEW POSITION — Bitcoin Up or Down - February 19, 6:00PM-6:05PM ET | Side=up | Shares=1097.444537
[2026-02-25 00:56:32 UTC] @PBot1: NEW POSITION — Bitcoin Up or Down - February 6, 12:45AM-1:00AM ET | Side=down | Shares=2544.0
[2026-02-25 00:56:32 UTC] @PBot1: NEW POSITION — Bitcoin Up or Down - February 17, 5:30PM-5:45PM ET | Side=up | Shares=299.85
[2026-02-25 00:56:32 UTC] @PBot1: NEW POSITION — Solana Up or Down - February 14, 9:15PM-9:30PM ET | Side=up | Shares=25.0
[2026-02-25 00:56:32 UTC] @PBot1: NEW POSITION — Ethereum Up or Down - January 9, 7:00PM-7:15PM ET | Side=up | Shares=691.645088
[2026-02-25 00:56:32 UTC] @PBot1: NEW POSITION — Ethereum Up or Down - February 10, 12:15PM-12:30PM ET | Side=down | Shares=5.0
[2026-02-25 00:56:32 UTC] @PBot1: NEW POSITION — Ethereum Up or Down - February 19, 7:45AM-8:00AM ET | Side=up | Shares=356.545383
[2026-02-25 00:56:32 UTC] @PBot1: NEW POSITION — Bitcoin Up or Down - February 3, 3:45PM-4:00PM ET | Side=down | Shares=2499.25
[2026-02-25 00:56:32 UTC] @PBot1: NEW POSITION — Bitcoin Up or Down - February 10, 6:45PM-7:00PM ET | Side=down | Shares=885.458227
[2026-02-25 00:56:32 UTC] @PBot1: NEW POSITION — Bitcoin Up or Down - January 10, 5:15PM-5:30PM ET | Side=down | Shares=1170.565378
[2026-02-25 00:56:32 UTC] @PBot1: NEW POSITION — Ethereum Up or Down - February 4, 1AM ET | Side=down | Shares=951.583074
[2026-02-25 00:56:32 UTC] @PBot1: NEW POSITION — Bitcoin Up or Down - February 17, 8:45AM-8:50AM ET | Side=down | Shares=127.984638
[2026-02-25 00:56:32 UTC] @PBot1: NEW POSITION — Ethereum Up or Down - February 6, 3:15AM-3:30AM ET | Side=up | Shares=65.089073
[2026-02-25 00:56:32 UTC] @PBot1: NEW POSITION — Bitcoin Up or Down - February 13, 11:30PM-11:35PM ET | Side=up | Shares=50.0
[2026-02-25 00:56:32 UTC] @PBot1: NEW POSITION — Solana Up or Down - February 3, 3:30AM-3:45AM ET | Side=up | Shares=29.821424
[2026-02-25 00:56:32 UTC] @PBot1: NEW POSITION — Ethereum Up or Down - January 22, 5:45AM-6:00AM ET | Side=down | Shares=250.0
[2026-02-25 00:56:32 UTC] @PBot1: NEW POSITION — Ethereum Up or Down - January 9, 10:45AM-11:00AM ET | Side=up | Shares=299.995383
[2026-02-25 00:56:32 UTC] @PBot1: NEW POSITION — Solana Up or Down - January 13, 12:00PM-12:15PM ET | Side=up | Shares=1124.998626
[2026-02-25 00:56:32 UTC] @PBot1: NEW POSITION — Bitcoin Up or Down - February 7, 1:15PM-1:30PM ET | Side=down | Shares=67.1238
[2026-02-25 00:56:32 UTC] @PBot1: NEW POSITION — Bitcoin Up or Down - February 19, 7:30AM-7:45AM ET | Side=up | Shares=780.997675
[2026-02-25 00:56:32 UTC] @PBot1: NEW POSITION — Ethereum Up or Down - February 9, 11:30AM-11:45AM ET | Side=down | Shares=937.107842
[2026-02-25 00:56:32 UTC] @PBot1: NEW POSITION — Ethereum Up or Down - January 6, 9:00PM-9:15PM ET | Side=down | Shares=299.464932
[2026-02-25 00:56:32 UTC] @PBot1: NEW POSITION — Ethereum Up or Down - February 22, 5AM ET | Side=down | Shares=200.127642
[2026-02-25 00:56:32 UTC] @PBot1: NEW POSITION — Bitcoin Up or Down - February 23, 9:20AM-9:25AM ET | Side=up | Shares=1699.218065
[2026-02-25 00:56:32 UTC] @PBot1: NEW POSITION — Bitcoin Up or Down - January 8, 8:15PM-8:30PM ET | Side=down | Shares=1.164339
[2026-02-25 00:56:32 UTC] @PBot1: NEW POSITION — Bitcoin Up or Down - December 31, 9:30AM-9:45AM ET | Side=up | Shares=299.59185
[2026-02-25 00:56:32 UTC] @PBot1: NEW POSITION — Ethereum Up or Down - February 15, 4:30AM-4:45AM ET | Side=up | Shares=5.92719
[2026-02-25 00:56:32 UTC] @PBot1: NEW POSITION — Bitcoin Up or Down - February 22, 5:15AM-5:30AM ET | Side=down | Shares=50.0
[2026-02-25 00:56:32 UTC] @PBot1: NEW POSITION — Solana Up or Down - February 10, 9:30PM-9:45PM ET | Side=up | Shares=250.0
[2026-02-25 00:56:32 UTC] @PBot1: NEW POSITION — Bitcoin Up or Down - January 8, 9:45AM-10:00AM ET | Side=down | Shares=958.448765
[2026-02-25 00:56:32 UTC] @PBot1: NEW POSITION — Bitcoin Up or Down - January 11, 8:45AM-9:00AM ET | Side=down | Shares=1499.9725
[2026-02-25 00:56:32 UTC] @PBot1: NEW POSITION — Solana Up or Down - February 3, 11:15AM-11:30AM ET | Side=up | Shares=4.811763
[2026-02-25 00:56:32 UTC] @PBot1: NEW POSITION — Bitcoin Up or Down - January 9, 6:45PM-7:00PM ET | Side=up | Shares=519.571376
[2026-02-25 00:56:32 UTC] @PBot1: NEW POSITION — Bitcoin Up or Down - January 4, 4:45AM-5:00AM ET | Side=down | Shares=196.739801
[2026-02-25 00:56:32 UTC] @PBot1: NEW POSITION — Bitcoin Up or Down - January 16, 8:45AM-9:00AM ET | Side=down | Shares=526.293001
[2026-02-25 00:56:32 UTC] @PBot1: NEW POSITION — Ethereum Up or Down - January 7, 3:45AM-4:00AM ET | Side=down | Shares=1100.0
[2026-02-25 00:56:32 UTC] @PBot1: NEW POSITION — Ethereum Up or Down - January 4, 5:30PM-5:45PM ET | Side=up | Shares=2.29
[2026-02-25 00:56:32 UTC] @PBot1: NEW POSITION — Solana Up or Down - February 5, 3:30PM-3:45PM ET | Side=down | Shares=323.503946
[2026-02-25 00:56:32 UTC] @PBot1: NEW POSITION — Ethereum Up or Down - January 14, 12:00AM-12:15AM ET | Side=up | Shares=19.5
[2026-02-25 00:56:32 UTC] @PBot1: NEW POSITION — Ethereum Up or Down - January 20, 1:30PM-1:45PM ET | Side=up | Shares=19.019606
[2026-02-25 00:56:32 UTC] @PBot1: NEW POSITION — Solana Up or Down - January 30, 6:15AM-6:30AM ET | Side=up | Shares=374.824001
[2026-02-25 00:56:32 UTC] @PBot1: NEW POSITION — Bitcoin Up or Down - February 23, 5:20PM-5:25PM ET | Side=down | Shares=326.397953
[2026-02-25 00:56:32 UTC] @PBot1: NEW POSITION — Solana Up or Down - February 3, 11:00PM-11:15PM ET | Side=down | Shares=19.607842
[2026-02-25 00:56:32 UTC] @PBot1: NEW POSITION — Ethereum Up or Down - January 10, 5:00AM-5:15AM ET | Side=down | Shares=299.991486
[2026-02-25 00:56:32 UTC] @PBot1: NEW POSITION — Bitcoin Up or Down - February 8, 1:15PM-1:30PM ET | Side=down | Shares=99.510815
[2026-02-25 00:56:32 UTC] @PBot1: NEW POSITION — Ethereum Up or Down - January 16, 7:45AM-8:00AM ET | Side=up | Shares=125.0
[2026-02-25 00:56:32 UTC] @PBot1: NEW POSITION — Ethereum Up or Down - January 15, 8:45PM-9:00PM ET | Side=up | Shares=874.9983
[2026-02-25 00:56:32 UTC] @PBot1: NEW POSITION — Bitcoin Up or Down - January 21, 4:45AM-5:00AM ET | Side=up | Shares=815.488504
[2026-02-25 00:56:32 UTC] @PBot1: NEW POSITION — Solana Up or Down - January 30, 5:00AM-5:15AM ET | Side=up | Shares=22.5
[2026-02-25 00:56:32 UTC] @PBot1: NEW POSITION — Solana Up or Down - February 12, 9:15PM-9:30PM ET | Side=down | Shares=83.5
[2026-02-25 00:56:32 UTC] @PBot1: NEW POSITION — Ethereum Up or Down - January 13, 9:00AM-9:15AM ET | Side=up | Shares=153.862218
[2026-02-25 00:56:32 UTC] @PBot1: NEW POSITION — Bitcoin Up or Down - January 6, 7:45AM-8:00AM ET | Side=down | Shares=1207.716099
[2026-02-25 00:56:32 UTC] @PBot1: NEW POSITION — Ethereum Up or Down - January 22, 9:30AM-9:45AM ET | Side=up | Shares=250.0
[2026-02-25 00:56:32 UTC] @PBot1: NEW POSITION — Bitcoin Up or Down - February 21, 10:25AM-10:30AM ET | Side=up | Shares=143.683839
[2026-02-25 00:56:32 UTC] @PBot1: NEW POSITION — Solana Up or Down - February 1, 11:00PM-11:15PM ET | Side=up | Shares=7.334072
[2026-02-25 00:56:32 UTC] @PBot1: NEW POSITION — Ethereum Up or Down - February 24, 5:30PM-5:45PM ET | Side=up | Shares=27.483147
[2026-02-25 00:56:32 UTC] @PBot1: NEW POSITION — Bitcoin Up or Down - January 5, 2:00PM-2:15PM ET | Side=up | Shares=1251.359187
[2026-02-25 00:56:32 UTC] @PBot1: NEW POSITION — Bitcoin Up or Down - January 14, 5:45AM-6:00AM ET | Side=up | Shares=1580.208614
[2026-02-25 00:56:32 UTC] @PBot1: NEW POSITION — Solana Up or Down - January 12, 3:30AM-3:45AM ET | Side=up | Shares=63.566872
[2026-02-25 00:56:32 UTC] @PBot1: NEW POSITION — Ethereum Up or Down - January 30, 10:30AM-10:45AM ET | Side=down | Shares=49.122804
[2026-02-25 00:56:32 UTC] @PBot1: NEW POSITION — Bitcoin Up or Down - February 2, 3:15PM-3:30PM ET | Side=up | Shares=1326.406304
[2026-02-25 00:56:32 UTC] @PBot1: NEW POSITION — Solana Up or Down - February 16, 2:45PM-3:00PM ET | Side=up | Shares=25.0
[2026-02-25 00:56:32 UTC] @PBot1: NEW POSITION — Bitcoin Up or Down - January 16, 10:30PM-10:45PM ET | Side=down | Shares=499.980764
[2026-02-25 00:56:32 UTC] @PBot1: NEW POSITION — Ethereum Up or Down - February 6, 3:45PM-4:00PM ET | Side=up | Shares=490.317544
[2026-02-25 00:56:32 UTC] @PBot1: NEW POSITION — Bitcoin Up or Down - January 20, 6:00AM-6:15AM ET | Side=down | Shares=1855.885075
[2026-02-25 00:56:32 UTC] @PBot1: NEW POSITION — Ethereum Up or Down - January 30, 2:00PM-2:15PM ET | Side=down | Shares=90.5
[2026-02-25 00:56:32 UTC] @PBot1: NEW POSITION — Ethereum Up or Down - February 10, 8:00PM-8:15PM ET | Side=down | Shares=68.221631
[2026-02-25 00:56:32 UTC] @PBot1: NEW POSITION — Ethereum Up or Down - February 3, 4:30PM-4:45PM ET | Side=up | Shares=33.921565
[2026-02-25 00:56:32 UTC] @PBot1: NEW POSITION — Ethereum Up or Down - January 4, 12:15AM-12:30AM ET | Side=down | Shares=100.2352
[2026-02-25 00:56:32 UTC] @PBot1: NEW POSITION — Ethereum Up or Down - January 30, 3:45AM-4:00AM ET | Side=down | Shares=252.0
[2026-02-25 00:56:32 UTC] @PBot1: NEW POSITION — Ethereum Up or Down - January 26, 10:00AM-10:15AM ET | Side=down | Shares=59.673909
[2026-02-25 00:56:32 UTC] @PBot1: NEW POSITION — Bitcoin Up or Down - February 5, 8:45PM-9:00PM ET | Side=down | Shares=2555.5723
[2026-02-25 00:56:32 UTC] @PBot1: NEW POSITION — Bitcoin Up or Down - February 17, 8:25AM-8:30AM ET | Side=up | Shares=171.670783
[2026-02-25 00:56:32 UTC] @PBot1: NEW POSITION — Ethereum Up or Down - February 22, 1:00AM-1:15AM ET | Side=down | Shares=21.718234
[2026-02-25 00:56:32 UTC] @PBot1: NEW POSITION — Bitcoin Up or Down - January 20, 3:00AM-3:15AM ET | Side=up | Shares=120.295382
[2026-02-25 00:56:32 UTC] @PBot1: NEW POSITION — Bitcoin Up or Down - January 9, 3:15AM-3:30AM ET | Side=down | Shares=801.940852
[2026-02-25 00:56:32 UTC] @PBot1: NEW POSITION — Solana Up or Down - February 6, 7:15AM-7:30AM ET | Side=down | Shares=5.0
[2026-02-25 00:56:32 UTC] @PBot1: NEW POSITION — Bitcoin Up or Down - January 1, 6:30AM-6:45AM ET | Side=up | Shares=1146.176588
[2026-02-25 00:56:32 UTC] @PBot1: NEW POSITION — Ethereum Up or Down - February 14, 10:00PM-10:15PM ET | Side=up | Shares=50.0
[2026-02-25 00:56:32 UTC] @PBot1: NEW POSITION — Ethereum Up or Down - February 14, 2:00PM-2:15PM ET | Side=up | Shares=150.0
[2026-02-25 00:56:32 UTC] @PBot1: NEW POSITION — Ethereum Up or Down - February 11, 1:45AM-2:00AM ET | Side=up | Shares=6.38
[2026-02-25 00:56:32 UTC] @PBot1: NEW POSITION — Bitcoin Up or Down - February 2, 3:30PM-3:45PM ET | Side=up | Shares=633.994614
[2026-02-25 00:56:32 UTC] @PBot1: NEW POSITION — Ethereum Up or Down - January 29, 10:45AM-11:00AM ET | Side=down | Shares=212.491523
[2026-02-25 00:56:32 UTC] @PBot1: NEW POSITION — Bitcoin Up or Down - February 17, 9:45PM-9:50PM ET | Side=up | Shares=100.0
[2026-02-25 00:56:32 UTC] @PBot1: NEW POSITION — Ethereum Up or Down - January 9, 1:00AM-1:15AM ET | Side=up | Shares=33.473961
[2026-02-25 00:56:32 UTC] @PBot1: NEW POSITION — Bitcoin Up or Down - February 15, 4:40PM-4:45PM ET | Side=up | Shares=77.311567
[2026-02-25 00:56:32 UTC] @PBot1: NEW POSITION — Ethereum Up or Down - January 29, 6:30PM-6:45PM ET | Side=down | Shares=425.744679
[2026-02-25 00:56:32 UTC] @PBot1: NEW POSITION — Bitcoin Up or Down - January 26, 2:30PM-2:45PM ET | Side=down | Shares=689.047527
[2026-02-25 00:56:32 UTC] @PBot1: NEW POSITION — Solana Up or Down - February 17, 6:15AM-6:30AM ET | Side=down | Shares=28.729997
[2026-02-25 00:56:32 UTC] @PBot1: NEW POSITION — Solana Up or Down - February 22, 1:30AM-1:45AM ET | Side=down | Shares=100.636362
[2026-02-25 00:56:32 UTC] @PBot1: NEW POSITION — Ethereum Up or Down - January 16, 11:15AM-11:30AM ET | Side=down | Shares=301.925451
[2026-02-25 00:56:32 UTC] @PBot1: NEW POSITION — Solana Up or Down - February 17, 5:00AM-5:15AM ET | Side=up | Shares=242.99
[2026-02-25 00:56:32 UTC] @PBot1: NEW POSITION — Solana Up or Down - January 13, 3:00AM-3:15AM ET | Side=down | Shares=149.168315
[2026-02-25 00:56:32 UTC] @PBot1: NEW POSITION — Bitcoin Up or Down - January 8, 9:00PM-9:15PM ET | Side=down | Shares=228.068457
[2026-02-25 00:56:32 UTC] @PBot1: NEW POSITION — Ethereum Up or Down - January 14, 9:00PM-9:15PM ET | Side=up | Shares=375.0
[2026-02-25 00:56:32 UTC] @PBot1: NEW POSITION — Bitcoin Up or Down - February 15, 6:00PM-6:05PM ET | Side=up | Shares=49.05
[2026-02-25 00:56:32 UTC] @PBot1: NEW POSITION — Bitcoin Up or Down - February 9, 2:45PM-3:00PM ET | Side=down | Shares=852.750303
[2026-02-25 00:56:32 UTC] @PBot1: NEW POSITION — Bitcoin Up or Down - February 11, 6:15PM-6:30PM ET | Side=up | Shares=1698.401264
[2026-02-25 00:56:32 UTC] @PBot1: NEW POSITION — Ethereum Up or Down - January 10, 7:15AM-7:30AM ET | Side=up | Shares=99.975465
[2026-02-25 00:56:32 UTC] @PBot1: NEW POSITION — Bitcoin Up or Down - February 12, 5:45PM-6:00PM ET | Side=down | Shares=575.457748
[2026-02-25 00:56:32 UTC] @PBot1: NEW POSITION — Ethereum Up or Down - January 1, 8:30AM-8:45AM ET | Side=down | Shares=301.81818
[2026-02-25 00:56:32 UTC] @PBot1: NEW POSITION — Bitcoin Up or Down - February 13, 4:40AM-4:45AM ET | Side=down | Shares=25.52
[2026-02-25 00:56:32 UTC] @PBot1: NEW POSITION — Bitcoin Up or Down - February 22, 5:10PM-5:15PM ET | Side=down | Shares=145.004063
[2026-02-25 00:56:32 UTC] @PBot1: NEW POSITION — Bitcoin Up or Down - February 22, 8:20AM-8:25AM ET | Side=up | Shares=170.158332
[2026-02-25 00:56:32 UTC] @PBot1: NEW POSITION — Ethereum Up or Down - January 2, 3:30AM-3:45AM ET | Side=down | Shares=704.837139
[2026-02-25 00:56:32 UTC] @PBot1: NEW POSITION — Solana Up or Down - January 28, 11:45AM-12:00PM ET | Side=down | Shares=160.789472
[2026-02-25 00:56:32 UTC] @PBot1: NEW POSITION — Bitcoin Up or Down - February 23, 1:50AM-1:55AM ET | Side=down | Shares=513.092329
[2026-02-25 00:56:32 UTC] @PBot1: NEW POSITION — Ethereum Up or Down - January 9, 4:15PM-4:30PM ET | Side=down | Shares=76.842058
[2026-02-25 00:56:32 UTC] @PBot1: NEW POSITION — Bitcoin Up or Down - January 27, 3:00PM-3:15PM ET | Side=down | Shares=363.6
[2026-02-25 00:56:32 UTC] @PBot1: NEW POSITION — Bitcoin Up or Down - January 26, 4:15AM-4:30AM ET | Side=up | Shares=259.291665
[2026-02-25 00:56:32 UTC] @PBot1: NEW POSITION — Ethereum Up or Down - January 6, 1:00PM-1:15PM ET | Side=down | Shares=165.477271
[2026-02-25 00:56:32 UTC] @PBot1: NEW POSITION — Ethereum Up or Down - February 7, 12:30AM-12:45AM ET | Side=up | Shares=183.225685
[2026-02-25 00:56:32 UTC] @PBot1: NEW POSITION — Solana Up or Down - January 29, 7:45AM-8:00AM ET | Side=down | Shares=27.06018
[2026-02-25 00:56:32 UTC] @PBot1: NEW POSITION — Bitcoin Up or Down - February 12, 5:40PM-5:45PM ET | Side=down | Shares=46.095711
[2026-02-25 00:56:32 UTC] @PBot1: NEW POSITION — Bitcoin Up or Down - February 2, 2:30AM-2:45AM ET | Side=down | Shares=3375.369381
[2026-02-25 00:56:32 UTC] @PBot1: NEW POSITION — Ethereum Up or Down - February 11, 2:00PM-2:15PM ET | Side=down | Shares=16.223332
[2026-02-25 00:56:32 UTC] @PBot1: NEW POSITION — Bitcoin Up or Down - February 19, 8:00AM-8:15AM ET | Side=up | Shares=967.945207
[2026-02-25 00:56:32 UTC] @PBot1: NEW POSITION — Bitcoin Up or Down - February 20, 2:25PM-2:30PM ET | Side=up | Shares=535.767305
[2026-02-25 00:56:32 UTC] @PBot1: NEW POSITION — Ethereum Up or Down - February 13, 5PM ET | Side=down | Shares=96.78
[2026-02-25 00:56:32 UTC] @PBot1: NEW POSITION — Bitcoin Up or Down - January 30, 2:45AM-3:00AM ET | Side=down | Shares=600.960414
[2026-02-25 00:56:32 UTC] @PBot1: NEW POSITION — Bitcoin Up or Down - February 21, 1AM ET | Side=up | Shares=100.0
[2026-02-25 00:56:32 UTC] @PBot1: NEW POSITION — Bitcoin Up or Down - February 20, 6:45PM-6:50PM ET | Side=down | Shares=50.0
[2026-02-25 00:56:32 UTC] @PBot1: NEW POSITION — Bitcoin Up or Down - January 12, 9:00AM-9:15AM ET | Side=down | Shares=1576.642415
[2026-02-25 00:56:32 UTC] @PBot1: NEW POSITION — Bitcoin Up or Down - January 23, 7:15AM-7:30AM ET | Side=down | Shares=983.907838
[2026-02-25 00:56:32 UTC] @PBot1: NEW POSITION — Bitcoin Up or Down - February 17, 6:30AM-6:45AM ET | Side=up | Shares=91.52
[2026-02-25 00:56:32 UTC] @PBot1: NEW POSITION — Bitcoin Up or Down - February 13, 7:10AM-7:15AM ET | Side=up | Shares=6.0
[2026-02-25 00:56:32 UTC] @PBot1: NEW POSITION — Bitcoin Up or Down - February 22, 2:30AM-2:35AM ET | Side=down | Shares=24.889055
[2026-02-25 00:56:32 UTC] @PBot1: NEW POSITION — Bitcoin Up or Down - January 23, 6:45AM-7:00AM ET | Side=up | Shares=4608.284471
[2026-02-25 00:56:32 UTC] @PBot1: NEW POSITION — Bitcoin Up or Down - February 19, 4:30AM-4:35AM ET | Side=down | Shares=843.907043
[2026-02-25 00:56:32 UTC] @PBot1: NEW POSITION — Solana Up or Down - February 21, 10:30PM-10:45PM ET | Side=down | Shares=50.0
[2026-02-25 00:56:32 UTC] @PBot1: NEW POSITION — Bitcoin Up or Down - January 27, 2:15AM-2:30AM ET | Side=down | Shares=135.0
[2026-02-25 00:56:32 UTC] @PBot1: NEW POSITION — Bitcoin Up or Down - February 19, 5AM ET | Side=down | Shares=909.614347
[2026-02-25 00:56:32 UTC] @PBot1: NEW POSITION — Solana Up or Down - February 10, 7:00PM-7:15PM ET | Side=down | Shares=5.0
[2026-02-25 00:56:32 UTC] @PBot1: NEW POSITION — XRP Up or Down - January 10, 11:00AM-11:15AM ET | Side=down | Shares=582.071352
[2026-02-25 00:56:32 UTC] @PBot1: NEW POSITION — Bitcoin Up or Down - January 24, 11:45AM-12:00PM ET | Side=down | Shares=2500.0
[2026-02-25 00:56:32 UTC] @PBot1: NEW POSITION — Bitcoin Up or Down - February 24, 1:05PM-1:10PM ET | Side=up | Shares=225.478453
[2026-02-25 00:56:32 UTC] @PBot1: NEW POSITION — Bitcoin Up or Down - January 20, 12:00PM-12:15PM ET | Side=down | Shares=29.377036
[2026-02-25 00:56:32 UTC] @PBot1: NEW POSITION — Ethereum Up or Down - January 17, 2:30AM-2:45AM ET | Side=up | Shares=304.0
[2026-02-25 00:56:32 UTC] @PBot1: NEW POSITION — Bitcoin Up or Down - February 22, 4:35AM-4:40AM ET | Side=up | Shares=50.0
[2026-02-25 00:56:32 UTC] @PBot1: NEW POSITION — Ethereum Up or Down - January 1, 12:30PM-12:45PM ET | Side=up | Shares=100.0
[2026-02-25 00:56:32 UTC] @PBot1: NEW POSITION — Bitcoin Up or Down - February 22, 5:00PM-5:05PM ET | Side=up | Shares=97.535091
[2026-02-25 00:56:32 UTC] @PBot1: NEW POSITION — Ethereum Up or Down - February 11, 9:15AM-9:30AM ET | Side=up | Shares=1516.681397
[2026-02-25 00:56:32 UTC] @PBot1: NEW POSITION — Bitcoin Up or Down - February 7, 1PM ET | Side=down | Shares=598.0
[2026-02-25 00:56:32 UTC] @PBot1: NEW POSITION — Bitcoin Up or Down - February 17, 11PM ET | Side=down | Shares=300.0
[2026-02-25 00:56:32 UTC] @PBot1: NEW POSITION — Solana Up or Down - January 16, 12:00AM-12:15AM ET | Side=down | Shares=41.170735
[2026-02-25 00:56:32 UTC] @PBot1: NEW POSITION — Bitcoin Up or Down - January 12, 6:45AM-7:00AM ET | Side=down | Shares=114.95
[2026-02-25 00:56:32 UTC] @PBot1: NEW POSITION — Ethereum Up or Down - January 1, 2:30PM-2:45PM ET | Side=down | Shares=100.0
[2026-02-25 00:56:32 UTC] @PBot1: NEW POSITION — Ethereum Up or Down - January 29, 9:45PM-10:00PM ET | Side=up | Shares=36.703702
[2026-02-25 00:56:32 UTC] @PBot1: NEW POSITION — Bitcoin Up or Down - February 6, 8AM ET | Side=down | Shares=762.3424
[2026-02-25 00:56:32 UTC] @PBot1: NEW POSITION — Solana Up or Down - February 16, 7:15AM-7:30AM ET | Side=down | Shares=25.0
[2026-02-25 00:56:32 UTC] @PBot1: NEW POSITION — Bitcoin Up or Down - January 13, 1:00PM-1:15PM ET | Side=down | Shares=652.863087
[2026-02-25 00:56:32 UTC] @PBot1: NEW POSITION — Ethereum Up or Down - January 14, 7:30PM-7:45PM ET | Side=up | Shares=124.993477
[2026-02-25 00:56:32 UTC] @PBot1: NEW POSITION — Ethereum Up or Down - February 7, 9:15AM-9:30AM ET | Side=up | Shares=242.697838
[2026-02-25 00:56:32 UTC] @PBot1: NEW POSITION — Bitcoin Up or Down - February 13, 7:45PM-8:00PM ET | Side=down | Shares=153.288403
[2026-02-25 00:56:32 UTC] @PBot1: NEW POSITION — Ethereum Up or Down - January 13, 2:00PM-2:15PM ET | Side=up | Shares=375.0
[2026-02-25 00:56:32 UTC] @PBot1: NEW POSITION — Ethereum Up or Down - January 28, 5:15PM-5:30PM ET | Side=down | Shares=8.131665
[2026-02-25 00:56:32 UTC] @PBot1: NEW POSITION — Solana Up or Down - February 24, 1:00AM-1:15AM ET | Side=up | Shares=1.923075
[2026-02-25 00:56:32 UTC] @PBot1: NEW POSITION — Ethereum Up or Down - January 7, 7:45AM-8:00AM ET | Side=up | Shares=12.4
[2026-02-25 00:56:32 UTC] @PBot1: NEW POSITION — XRP Up or Down - January 10, 5:45PM-6:00PM ET | Side=up | Shares=50.0
[2026-02-25 00:56:32 UTC] @PBot1: NEW POSITION — Bitcoin Up or Down - February 21, 12:25PM-12:30PM ET | Side=down | Shares=9.67
[2026-02-25 00:56:32 UTC] @PBot1: NEW POSITION — Bitcoin Up or Down - January 9, 12:00AM-12:15AM ET | Side=down | Shares=5.88
[2026-02-25 00:56:32 UTC] @PBot1: NEW POSITION — Ethereum Up or Down - January 8, 12:15PM-12:30PM ET | Side=up | Shares=303.508769
[2026-02-25 00:56:32 UTC] @PBot1: NEW POSITION — Ethereum Up or Down - January 13, 11:30AM-11:45AM ET | Side=down | Shares=63.82
[2026-02-25 00:56:32 UTC] @PBot1: NEW POSITION — Bitcoin Up or Down - February 12, 2:15AM-2:30AM ET | Side=down | Shares=660.700929
[2026-02-25 00:56:32 UTC] @PBot1: NEW POSITION — Bitcoin Up or Down - February 21, 6:20AM-6:25AM ET | Side=up | Shares=105.823268
[2026-02-25 00:56:32 UTC] @PBot1: NEW POSITION — Ethereum Up or Down - February 5, 4:30PM-4:45PM ET | Side=up | Shares=1749.25
[2026-02-25 00:56:32 UTC] @PBot1: NEW POSITION — Solana Up or Down - February 14, 1:30PM-1:45PM ET | Side=down | Shares=25.0
[2026-02-25 00:56:32 UTC] @PBot1: NEW POSITION — Bitcoin Up or Down - January 14, 1:00PM-1:15PM ET | Side=up | Shares=2545.311775
[2026-02-25 00:56:32 UTC] @PBot1: NEW POSITION — Solana Up or Down - February 4, 1:00AM-1:15AM ET | Side=down | Shares=151.0
[2026-02-25 00:56:32 UTC] @PBot1: NEW POSITION — Bitcoin Up or Down - February 13, 1:30AM-1:45AM ET | Side=up | Shares=65.0
[2026-02-25 00:56:32 UTC] @PBot1: NEW POSITION — Ethereum Up or Down - February 19, 1PM ET | Side=down | Shares=839.664614
[2026-02-25 00:56:32 UTC] @PBot1: NEW POSITION — Bitcoin Up or Down - January 4, 7:00AM-7:15AM ET | Side=up | Shares=755.610056
[2026-02-25 00:56:32 UTC] @PBot1: NEW POSITION — Ethereum Up or Down - February 20, 2:15AM-2:30AM ET | Side=down | Shares=22.0
[2026-02-25 00:56:32 UTC] @PBot1: NEW POSITION — Bitcoin Up or Down - February 19, 7:30AM-7:35AM ET | Side=up | Shares=112.236585
[2026-02-25 00:56:32 UTC] @PBot1: NEW POSITION — Ethereum Up or Down - February 8, 11:15PM-11:30PM ET | Side=down | Shares=6.0
[2026-02-25 00:56:32 UTC] @PBot1: NEW POSITION — Solana Up or Down - February 10, 2:00AM-2:15AM ET | Side=down | Shares=575.234332
[2026-02-25 00:56:32 UTC] @PBot1: NEW POSITION — Bitcoin Up or Down - February 12, 8:30PM-8:45PM ET | Side=down | Shares=4188.598004
[2026-02-25 00:56:32 UTC] @PBot1: NEW POSITION — Bitcoin Up or Down - February 12, 8PM ET | Side=down | Shares=1735.17
[2026-02-25 00:56:32 UTC] @PBot1: NEW POSITION — Ethereum Up or Down - January 28, 11:15AM-11:30AM ET | Side=down | Shares=72.836362
[2026-02-25 00:56:32 UTC] @PBot1: NEW POSITION — Bitcoin Up or Down - February 18, 12:20AM-12:25AM ET | Side=up | Shares=328.425339
[2026-02-25 00:56:32 UTC] @PBot1: NEW POSITION — Bitcoin Up or Down - January 15, 10:15PM-10:30PM ET | Side=up | Shares=291.815646
